2025-05-17 12:48:18 INFO  c.e.v.VanillaTransformerApplication - Starting VanillaTransformerApplication using Java 17.0.12 with PID 48208 (C:\Users\sunaridr\Documents\STUDIUM\project\vanilla-transformer\target\classes started by sunaridr in C:\Users\sunaridr\Documents\STUDIUM\project\vanilla-transformer)
2025-05-17 12:48:18 INFO  c.e.v.VanillaTransformerApplication - No active profile set, falling back to 1 default profile: "default"
2025-05-17 12:48:19 INFO  o.s.b.w.e.tomcat.TomcatWebServer - Tomcat initialized with port 8080 (http)
2025-05-17 12:48:19 INFO  o.a.coyote.http11.Http11NioProtocol - Initializing ProtocolHandler ["http-nio-8080"]
2025-05-17 12:48:19 INFO  o.a.catalina.core.StandardService - Starting service [Tomcat]
2025-05-17 12:48:19 INFO  o.a.catalina.core.StandardEngine - Starting Servlet engine: [Apache Tomcat/10.1.33]
2025-05-17 12:48:19 INFO  o.a.c.c.C.[Tomcat].[localhost].[/] - Initializing Spring embedded WebApplicationContext
2025-05-17 12:48:19 INFO  o.s.b.w.s.c.ServletWebServerApplicationContext - Root WebApplicationContext: initialization completed in 741 ms
2025-05-17 12:48:19 INFO  o.a.coyote.http11.Http11NioProtocol - Starting ProtocolHandler ["http-nio-8080"]
2025-05-17 12:48:19 INFO  o.s.b.w.e.tomcat.TomcatWebServer - Tomcat started on port 8080 (http) with context path '/'
2025-05-17 12:48:19 INFO  c.e.v.VanillaTransformerApplication - Started VanillaTransformerApplication in 1.474 seconds (process running for 2.053)
2025-05-17 12:48:19 INFO  c.e.v.VanillaTransformerApplication - PROCESSING FILE: src\main\resources\examples\taxiride-blueprint\TaxiRide-c7.bpmn
2025-05-17 12:48:19 INFO  c.e.v.service.DefinitionMapping - MAPPING: <bpmn:definitions>
2025-05-17 12:48:19 INFO  c.e.v.service.DefinitionMapping - MAPPING: Execution Plattform Camunda Platform -> Camunda Cloud
2025-05-17 12:48:19 INFO  c.e.v.service.DefinitionMapping - MAPPING: Execution Plattform Version 7.15.0 -> 8.6.0
2025-05-17 12:48:19 INFO  c.e.v.s.m.process.RootProcessMapping - MAPPING: <bpmn:process> with id=TaxiRide
2025-05-17 12:48:19 INFO  c.e.v.s.m.process.GatewayMapping - MAPPING: bpmn:gateway with id=Gateway_0s3sbcj
2025-05-17 12:48:19 INFO  c.e.v.s.mappings.util.NoMapping - NO MAPPING NEEDED: for element with id=Gateway_0s3sbcj
2025-05-17 12:48:19 INFO  c.e.v.s.m.process.GatewayMapping - FINISHED MAPPING: bpmn:gateway with id=Gateway_0s3sbcj
2025-05-17 12:48:19 INFO  c.e.v.s.m.process.GatewayMapping - MAPPING: bpmn:gateway with id=Gateway_0pdq6wo
2025-05-17 12:48:19 INFO  c.e.v.s.mappings.util.NoMapping - NO MAPPING NEEDED: for element with id=Gateway_0pdq6wo
2025-05-17 12:48:19 INFO  c.e.v.s.m.process.GatewayMapping - FINISHED MAPPING: bpmn:gateway with id=Gateway_0pdq6wo
2025-05-17 12:48:19 INFO  c.e.v.s.m.process.GatewayMapping - MAPPING: bpmn:gateway with id=Gateway_10z6zz7
2025-05-17 12:48:19 INFO  c.e.v.s.mappings.util.NoMapping - NO MAPPING NEEDED: for element with id=Gateway_10z6zz7
2025-05-17 12:48:19 INFO  c.e.v.s.m.process.GatewayMapping - FINISHED MAPPING: bpmn:gateway with id=Gateway_10z6zz7
2025-05-17 12:48:19 INFO  c.e.v.s.m.process.GatewayMapping - MAPPING: bpmn:gateway with id=Gateway_1pd2ixx
2025-05-17 12:48:19 INFO  c.e.v.s.mappings.util.NoMapping - NO MAPPING NEEDED: for element with id=Gateway_1pd2ixx
2025-05-17 12:48:19 INFO  c.e.v.s.m.process.GatewayMapping - FINISHED MAPPING: bpmn:gateway with id=Gateway_1pd2ixx
2025-05-17 12:48:19 INFO  c.e.v.s.m.p.t.ServiceTaskLikeMapping - MAPPING: Task with id=Activity_16rijgh
2025-05-17 12:48:19 INFO  c.e.v.s.m.util.TaskDefinitionMapping - MAPPING: bpmn:delegateExpression ${determinePotentialDrivers} into zeebe:taskDefinition
2025-05-17 12:48:19 INFO  c.e.v.s.m.util.ExpressionMapping - MAPPING: camunda:expression ${determinePotentialDrivers} into FEEL Expression Language
2025-05-17 12:48:19 INFO  c.e.v.s.m.util.TaskDefinitionMapping - TODO (OPTIONAL): set retries=?? in zeebe:taskDefinition Element
2025-05-17 12:48:19 INFO  c.e.v.s.m.p.t.ServiceTaskLikeMapping - TODO (OPTIONAL): adapt zeebe:taskDefinition type for Task with id=Activity_16rijgh to select correct JobWorker
2025-05-17 12:48:19 INFO  c.e.v.s.m.p.t.ServiceTaskLikeMapping - FINISHED MAPPING: Task with id=Activity_16rijgh
2025-05-17 12:48:19 INFO  c.e.v.s.m.p.t.ServiceTaskLikeMapping - MAPPING: Task with id=CancelNotRequiredRide
2025-05-17 12:48:19 INFO  c.e.v.s.m.p.t.ServiceTaskLikeMapping - MAPPING: LoopCharacteristics for element with id=CancelNotRequiredRide
2025-05-17 12:48:19 INFO  c.e.v.s.m.util.ExpressionMapping - MAPPING: camunda:expression ${unselectedOffers} into FEEL Expression Language
2025-05-17 12:48:19 INFO  c.e.v.s.m.util.ExpressionMapping - MAPPING: camunda:expression ${unselectedOffer} into FEEL Expression Language
2025-05-17 12:48:19 INFO  c.e.v.s.m.util.TaskDefinitionMapping - MAPPING: bpmn:delegateExpression ${cancelRideOfferOfDriver} into zeebe:taskDefinition
2025-05-17 12:48:19 INFO  c.e.v.s.m.util.ExpressionMapping - MAPPING: camunda:expression ${cancelRideOfferOfDriver} into FEEL Expression Language
2025-05-17 12:48:19 INFO  c.e.v.s.m.util.TaskDefinitionMapping - TODO (OPTIONAL): set retries=?? in zeebe:taskDefinition Element
2025-05-17 12:48:19 INFO  c.e.v.s.m.p.t.ServiceTaskLikeMapping - TODO (OPTIONAL): adapt zeebe:taskDefinition type for Task with id=CancelNotRequiredRide to select correct JobWorker
2025-05-17 12:48:19 INFO  c.e.v.s.m.p.t.ServiceTaskLikeMapping - FINISHED MAPPING: Task with id=CancelNotRequiredRide
2025-05-17 12:48:19 INFO  c.e.v.s.m.p.t.ServiceTaskLikeMapping - MAPPING: Task with id=Activity_1f23xe8
2025-05-17 12:48:19 INFO  c.e.v.s.m.util.TaskDefinitionMapping - MAPPING: bpmn:delegateExpression ${selectDriverAccordingToScore} into zeebe:taskDefinition
2025-05-17 12:48:19 INFO  c.e.v.s.m.util.ExpressionMapping - MAPPING: camunda:expression ${selectDriverAccordingToScore} into FEEL Expression Language
2025-05-17 12:48:19 INFO  c.e.v.s.m.util.TaskDefinitionMapping - TODO (OPTIONAL): set retries=?? in zeebe:taskDefinition Element
2025-05-17 12:48:19 INFO  c.e.v.s.m.p.t.ServiceTaskLikeMapping - TODO (OPTIONAL): adapt zeebe:taskDefinition type for Task with id=Activity_1f23xe8 to select correct JobWorker
2025-05-17 12:48:19 INFO  c.e.v.s.m.p.t.ServiceTaskLikeMapping - FINISHED MAPPING: Task with id=Activity_1f23xe8
2025-05-17 12:48:19 INFO  c.e.v.s.m.p.t.ServiceTaskLikeMapping - MAPPING: Task with id=Activity_1y9djoc
2025-05-17 12:48:19 INFO  c.e.v.s.m.util.TaskDefinitionMapping - MAPPING: bpmn:delegateExpression ${chargeRide} into zeebe:taskDefinition
2025-05-17 12:48:19 INFO  c.e.v.s.m.util.ExpressionMapping - MAPPING: camunda:expression ${chargeRide} into FEEL Expression Language
2025-05-17 12:48:19 INFO  c.e.v.s.m.util.TaskDefinitionMapping - TODO (OPTIONAL): set retries=?? in zeebe:taskDefinition Element
2025-05-17 12:48:19 INFO  c.e.v.s.m.p.t.ServiceTaskLikeMapping - TODO (OPTIONAL): adapt zeebe:taskDefinition type for Task with id=Activity_1y9djoc to select correct JobWorker
2025-05-17 12:48:19 INFO  c.e.v.s.m.p.t.ServiceTaskLikeMapping - FINISHED MAPPING: Task with id=Activity_1y9djoc
2025-05-17 12:48:19 INFO  c.e.v.s.m.p.t.ServiceTaskLikeMapping - MAPPING: Task with id=Activity_0fcbu5z
2025-05-17 12:48:19 INFO  c.e.v.s.m.util.TaskDefinitionMapping - MAPPING: bpmn:delegateExpression ${retrievePaymentFromDriver} into zeebe:taskDefinition
2025-05-17 12:48:19 INFO  c.e.v.s.m.util.ExpressionMapping - MAPPING: camunda:expression ${retrievePaymentFromDriver} into FEEL Expression Language
2025-05-17 12:48:19 INFO  c.e.v.s.m.util.TaskDefinitionMapping - TODO (OPTIONAL): set retries=?? in zeebe:taskDefinition Element
2025-05-17 12:48:19 INFO  c.e.v.s.m.p.t.ServiceTaskLikeMapping - TODO (OPTIONAL): adapt zeebe:taskDefinition type for Task with id=Activity_0fcbu5z to select correct JobWorker
2025-05-17 12:48:19 INFO  c.e.v.s.m.p.t.ServiceTaskLikeMapping - FINISHED MAPPING: Task with id=Activity_0fcbu5z
2025-05-17 12:48:19 INFO  c.e.v.s.m.p.t.ServiceTaskLikeMapping - MAPPING: Task with id=Activity_1h1dw1m
2025-05-17 12:48:19 INFO  c.e.v.s.m.util.TaskDefinitionMapping - MAPPING: bpmn:delegateExpression ${payDriverFee} into zeebe:taskDefinition
2025-05-17 12:48:19 INFO  c.e.v.s.m.util.ExpressionMapping - MAPPING: camunda:expression ${payDriverFee} into FEEL Expression Language
2025-05-17 12:48:19 INFO  c.e.v.s.m.util.TaskDefinitionMapping - TODO (OPTIONAL): set retries=?? in zeebe:taskDefinition Element
2025-05-17 12:48:19 INFO  c.e.v.s.m.p.t.ServiceTaskLikeMapping - TODO (OPTIONAL): adapt zeebe:taskDefinition type for Task with id=Activity_1h1dw1m to select correct JobWorker
2025-05-17 12:48:19 INFO  c.e.v.s.m.p.t.ServiceTaskLikeMapping - FINISHED MAPPING: Task with id=Activity_1h1dw1m
2025-05-17 12:48:19 INFO  c.e.v.s.m.p.t.u.UserTaskMapping - MAPPING: UserTask with id=Activity_126a4jc
2025-05-17 12:48:19 INFO  c.e.v.s.m.p.t.u.FormDefinitionMapping - MAPPING: bpmn:userTask with id=Activity_126a4jc to zeebe:formDefinition
2025-05-17 12:48:19 INFO  c.e.v.s.m.p.t.u.UserTaskMapping - TODO (OPTIONAL): adapt zeebe:formDefinition type for Task with id=Activity_126a4jc to select correct Form for Usertask
2025-05-17 12:48:19 INFO  c.e.v.s.m.p.t.u.UserTaskMapping - FINISHED MAPPING: UserTask with id=Activity_126a4jc
2025-05-17 12:48:19 INFO  c.e.v.s.m.p.t.ServiceTaskLikeMapping - MAPPING: Task with id=Activity_177di5o
2025-05-17 12:48:19 INFO  c.e.v.s.m.util.TaskDefinitionMapping - MAPPING: bpmn:delegateExpression ${confirmRideToDriver} into zeebe:taskDefinition
2025-05-17 12:48:19 INFO  c.e.v.s.m.util.ExpressionMapping - MAPPING: camunda:expression ${confirmRideToDriver} into FEEL Expression Language
2025-05-17 12:48:19 INFO  c.e.v.s.m.util.TaskDefinitionMapping - TODO (OPTIONAL): set retries=?? in zeebe:taskDefinition Element
2025-05-17 12:48:19 INFO  c.e.v.s.m.p.t.ServiceTaskLikeMapping - TODO (OPTIONAL): adapt zeebe:taskDefinition type for Task with id=Activity_177di5o to select correct JobWorker
2025-05-17 12:48:19 INFO  c.e.v.s.m.p.t.ServiceTaskLikeMapping - FINISHED MAPPING: Task with id=Activity_177di5o
2025-05-17 12:48:19 INFO  c.e.v.s.m.p.tasks.ReceiveTaskMapping - MAPPING: ReceiveTask with id=Activity_15i28i4
2025-05-17 12:48:19 INFO  c.e.v.s.mappings.util.NoMapping - NO MAPPING NEEDED: for element with id=Activity_15i28i4
2025-05-17 12:48:19 INFO  c.e.v.s.m.p.tasks.ReceiveTaskMapping - FINISHED MAPPING: ReceiveTask with id=Activity_15i28i4
2025-05-17 12:48:19 INFO  c.e.v.s.m.p.SequenceFlowMapping - MAPPING: bpmn:sequenceFlow with id=Flow_06mhahk
2025-05-17 12:48:19 INFO  c.e.v.s.m.p.SequenceFlowMapping - FINISHED MAPPING: bpmn:sequenceFlow with id=Flow_06mhahk
2025-05-17 12:48:19 INFO  c.e.v.s.m.p.SequenceFlowMapping - MAPPING: bpmn:sequenceFlow with id=Flow_1ycx8oz
2025-05-17 12:48:19 INFO  c.e.v.s.m.util.ExpressionMapping - MAPPING: camunda:expression ${noRideAvailable} into FEEL Expression Language
2025-05-17 12:48:19 INFO  c.e.v.s.m.p.SequenceFlowMapping - FINISHED MAPPING: bpmn:sequenceFlow with id=Flow_1ycx8oz
2025-05-17 12:48:19 INFO  c.e.v.s.m.p.SequenceFlowMapping - MAPPING: bpmn:sequenceFlow with id=Flow_1jrkydw
2025-05-17 12:48:19 INFO  c.e.v.s.m.p.SequenceFlowMapping - FINISHED MAPPING: bpmn:sequenceFlow with id=Flow_1jrkydw
2025-05-17 12:48:19 INFO  c.e.v.s.m.p.SequenceFlowMapping - MAPPING: bpmn:sequenceFlow with id=Flow_0xf4hqi
2025-05-17 12:48:19 INFO  c.e.v.s.m.p.SequenceFlowMapping - FINISHED MAPPING: bpmn:sequenceFlow with id=Flow_0xf4hqi
2025-05-17 12:48:19 INFO  c.e.v.s.m.p.SequenceFlowMapping - MAPPING: bpmn:sequenceFlow with id=Flow_1tggrop
2025-05-17 12:48:19 INFO  c.e.v.s.m.p.SequenceFlowMapping - FINISHED MAPPING: bpmn:sequenceFlow with id=Flow_1tggrop
2025-05-17 12:48:19 INFO  c.e.v.s.m.p.SequenceFlowMapping - MAPPING: bpmn:sequenceFlow with id=Flow_09skpvl
2025-05-17 12:48:19 INFO  c.e.v.s.m.p.SequenceFlowMapping - FINISHED MAPPING: bpmn:sequenceFlow with id=Flow_09skpvl
2025-05-17 12:48:19 INFO  c.e.v.s.m.p.SequenceFlowMapping - MAPPING: bpmn:sequenceFlow with id=Flow_1c2kiye
2025-05-17 12:48:19 INFO  c.e.v.s.m.p.SequenceFlowMapping - FINISHED MAPPING: bpmn:sequenceFlow with id=Flow_1c2kiye
2025-05-17 12:48:19 INFO  c.e.v.s.m.p.SequenceFlowMapping - MAPPING: bpmn:sequenceFlow with id=Flow_0nvdf2y
2025-05-17 12:48:19 INFO  c.e.v.s.m.p.SequenceFlowMapping - FINISHED MAPPING: bpmn:sequenceFlow with id=Flow_0nvdf2y
2025-05-17 12:48:19 INFO  c.e.v.s.m.p.SequenceFlowMapping - MAPPING: bpmn:sequenceFlow with id=Flow_00nqxo6
2025-05-17 12:48:19 INFO  c.e.v.s.m.p.SequenceFlowMapping - FINISHED MAPPING: bpmn:sequenceFlow with id=Flow_00nqxo6
2025-05-17 12:48:19 INFO  c.e.v.s.m.p.SequenceFlowMapping - MAPPING: bpmn:sequenceFlow with id=Flow_0yru6nl
2025-05-17 12:48:19 INFO  c.e.v.s.m.p.SequenceFlowMapping - FINISHED MAPPING: bpmn:sequenceFlow with id=Flow_0yru6nl
2025-05-17 12:48:19 INFO  c.e.v.s.m.p.SequenceFlowMapping - MAPPING: bpmn:sequenceFlow with id=Flow_0lk1jot
2025-05-17 12:48:19 INFO  c.e.v.s.m.p.SequenceFlowMapping - FINISHED MAPPING: bpmn:sequenceFlow with id=Flow_0lk1jot
2025-05-17 12:48:19 INFO  c.e.v.s.m.p.SequenceFlowMapping - MAPPING: bpmn:sequenceFlow with id=Flow_0ps7rna
2025-05-17 12:48:19 INFO  c.e.v.s.m.p.SequenceFlowMapping - FINISHED MAPPING: bpmn:sequenceFlow with id=Flow_0ps7rna
2025-05-17 12:48:19 INFO  c.e.v.s.m.p.SequenceFlowMapping - MAPPING: bpmn:sequenceFlow with id=Flow_1jjtksb
2025-05-17 12:48:19 INFO  c.e.v.s.m.p.SequenceFlowMapping - FINISHED MAPPING: bpmn:sequenceFlow with id=Flow_1jjtksb
2025-05-17 12:48:19 INFO  c.e.v.s.m.p.SequenceFlowMapping - MAPPING: bpmn:sequenceFlow with id=Flow_0hyeosq
2025-05-17 12:48:19 INFO  c.e.v.s.m.util.ExpressionMapping - MAPPING: camunda:expression ${not customerCharged} into FEEL Expression Language
2025-05-17 12:48:19 INFO  c.e.v.s.m.p.SequenceFlowMapping - FINISHED MAPPING: bpmn:sequenceFlow with id=Flow_0hyeosq
2025-05-17 12:48:19 INFO  c.e.v.s.m.p.SequenceFlowMapping - MAPPING: bpmn:sequenceFlow with id=Flow_0kvl7x1
2025-05-17 12:48:19 INFO  c.e.v.s.m.p.SequenceFlowMapping - FINISHED MAPPING: bpmn:sequenceFlow with id=Flow_0kvl7x1
2025-05-17 12:48:19 INFO  c.e.v.s.m.p.SequenceFlowMapping - MAPPING: bpmn:sequenceFlow with id=Flow_1jwfi8y
2025-05-17 12:48:19 INFO  c.e.v.s.m.util.ExpressionMapping - MAPPING: camunda:expression ${customerCharged} into FEEL Expression Language
2025-05-17 12:48:19 INFO  c.e.v.s.m.p.SequenceFlowMapping - FINISHED MAPPING: bpmn:sequenceFlow with id=Flow_1jwfi8y
2025-05-17 12:48:19 INFO  c.e.v.s.m.p.SequenceFlowMapping - MAPPING: bpmn:sequenceFlow with id=Flow_1vbjv8l
2025-05-17 12:48:19 INFO  c.e.v.s.m.p.SequenceFlowMapping - FINISHED MAPPING: bpmn:sequenceFlow with id=Flow_1vbjv8l
2025-05-17 12:48:19 INFO  c.e.v.s.m.p.SequenceFlowMapping - MAPPING: bpmn:sequenceFlow with id=Flow_010nyrk
2025-05-17 12:48:19 INFO  c.e.v.s.m.p.SequenceFlowMapping - FINISHED MAPPING: bpmn:sequenceFlow with id=Flow_010nyrk
2025-05-17 12:48:19 INFO  c.e.v.s.m.p.SequenceFlowMapping - MAPPING: bpmn:sequenceFlow with id=Flow_1mj6or5
2025-05-17 12:48:19 INFO  c.e.v.s.m.p.SequenceFlowMapping - FINISHED MAPPING: bpmn:sequenceFlow with id=Flow_1mj6or5
2025-05-17 12:48:19 INFO  c.e.v.s.m.p.SequenceFlowMapping - MAPPING: bpmn:sequenceFlow with id=Flow_0evuzug
2025-05-17 12:48:19 INFO  c.e.v.s.m.p.SequenceFlowMapping - FINISHED MAPPING: bpmn:sequenceFlow with id=Flow_0evuzug
2025-05-17 12:48:19 INFO  c.e.v.s.m.p.events.EventMapping - MAPPING: bpmn:event with id=Event_0jpj0lo
2025-05-17 12:48:19 INFO  c.e.v.s.m.p.e.CatchEventDefinitionMapping - MAPPING: bpmn:eventDefinition with id=MessageEventDefinition_1ai0b3d
2025-05-17 12:48:19 INFO  c.e.v.s.mappings.util.NoMapping - NO MAPPING NEEDED: for element with id=MessageEventDefinition_1ai0b3d
2025-05-17 12:48:19 INFO  c.e.v.s.m.p.e.CatchEventDefinitionMapping - FINISHED MAPPING: bpmn:eventDefinition with id=MessageEventDefinition_1ai0b3d
2025-05-17 12:48:19 INFO  c.e.v.s.m.p.events.EventMapping - FINISHED MAPPING: bpmn:event with id=Event_0jpj0lo
2025-05-17 12:48:19 INFO  c.e.v.s.m.p.events.EventMapping - MAPPING: bpmn:event with id=Event_0zszlkp
2025-05-17 12:48:19 INFO  c.e.v.s.m.p.events.ThrowEventMapping - MAPPING: bpmn:throwEvent with id=Event_0zszlkp 
2025-05-17 12:48:19 INFO  c.e.v.s.m.p.e.ThrowEventDefinitionMapping - MAPPING: bpmn:eventDefinition with id=MessageEventDefinition_0rftyhb
2025-05-17 12:48:19 INFO  c.e.v.s.mappings.util.NoMapping - NO MAPPING NEEDED: for element with id=MessageEventDefinition_0rftyhb
2025-05-17 12:48:19 INFO  c.e.v.s.m.p.e.ThrowEventDefinitionMapping - FINISHED MAPPING: bpmn:eventDefinition with id=MessageEventDefinition_0rftyhb
2025-05-17 12:48:19 INFO  c.e.v.s.m.p.events.ThrowEventMapping - TODO: manually configure Jobworker for Message Throw Event with id MessageEventDefinition_0rftyhb 
2025-05-17 12:48:19 INFO  c.e.v.s.m.util.TaskDefinitionMapping - MAPPING: bpmn:delegateExpression configureJobType into zeebe:taskDefinition
2025-05-17 12:48:19 INFO  c.e.v.s.m.util.ExpressionMapping - MAPPING: camunda:expression configureJobType into FEEL Expression Language
2025-05-17 12:48:19 INFO  c.e.v.s.m.util.TaskDefinitionMapping - TODO (OPTIONAL): set retries=?? in zeebe:taskDefinition Element
2025-05-17 12:48:19 INFO  c.e.v.s.m.p.events.ThrowEventMapping - TODO (OPTIONAL): adapt zeebe:taskDefinition type for Message Event with id=Event_0zszlkp to select correct JobWorker
2025-05-17 12:48:19 INFO  c.e.v.s.m.p.events.ThrowEventMapping - FINISHED MAPPING: bpmn:throwEvent with id=Event_0zszlkp 
2025-05-17 12:48:19 INFO  c.e.v.s.m.p.events.EventMapping - FINISHED MAPPING: bpmn:event with id=Event_0zszlkp
2025-05-17 12:48:19 INFO  c.e.v.s.m.p.events.EventMapping - MAPPING: bpmn:event with id=Event_0j8pql0
2025-05-17 12:48:19 INFO  c.e.v.s.m.p.events.ThrowEventMapping - MAPPING: bpmn:throwEvent with id=Event_0j8pql0 
2025-05-17 12:48:19 INFO  c.e.v.s.m.p.e.ThrowEventDefinitionMapping - MAPPING: bpmn:eventDefinition with id=MessageEventDefinition_1nr2ae9
2025-05-17 12:48:19 INFO  c.e.v.s.mappings.util.NoMapping - NO MAPPING NEEDED: for element with id=MessageEventDefinition_1nr2ae9
2025-05-17 12:48:19 INFO  c.e.v.s.m.p.e.ThrowEventDefinitionMapping - FINISHED MAPPING: bpmn:eventDefinition with id=MessageEventDefinition_1nr2ae9
2025-05-17 12:48:19 INFO  c.e.v.s.m.p.events.ThrowEventMapping - TODO: manually configure Jobworker for Message Throw Event with id MessageEventDefinition_1nr2ae9 
2025-05-17 12:48:19 INFO  c.e.v.s.m.util.TaskDefinitionMapping - MAPPING: bpmn:delegateExpression configureJobType into zeebe:taskDefinition
2025-05-17 12:48:19 INFO  c.e.v.s.m.util.ExpressionMapping - MAPPING: camunda:expression configureJobType into FEEL Expression Language
2025-05-17 12:48:19 INFO  c.e.v.s.m.util.TaskDefinitionMapping - TODO (OPTIONAL): set retries=?? in zeebe:taskDefinition Element
2025-05-17 12:48:19 INFO  c.e.v.s.m.p.events.ThrowEventMapping - TODO (OPTIONAL): adapt zeebe:taskDefinition type for Message Event with id=Event_0j8pql0 to select correct JobWorker
2025-05-17 12:48:19 INFO  c.e.v.s.m.p.events.ThrowEventMapping - FINISHED MAPPING: bpmn:throwEvent with id=Event_0j8pql0 
2025-05-17 12:48:19 INFO  c.e.v.s.m.p.events.EventMapping - FINISHED MAPPING: bpmn:event with id=Event_0j8pql0
2025-05-17 12:48:19 INFO  c.e.v.s.m.p.events.EventMapping - MAPPING: bpmn:event with id=Event_1ugsirj
2025-05-17 12:48:19 INFO  c.e.v.s.m.p.events.ThrowEventMapping - MAPPING: bpmn:throwEvent with id=Event_1ugsirj 
2025-05-17 12:48:19 INFO  c.e.v.s.mappings.util.NoMapping - NO MAPPING NEEDED: for element with id=Event_1ugsirj
2025-05-17 12:48:19 INFO  c.e.v.s.m.p.events.EventMapping - FINISHED MAPPING: bpmn:event with id=Event_1ugsirj
2025-05-17 12:48:19 INFO  c.e.v.s.m.p.events.EventMapping - MAPPING: bpmn:event with id=Event_0oz89vh
2025-05-17 12:48:19 INFO  c.e.v.s.m.p.e.CatchEventDefinitionMapping - MAPPING: bpmn:eventDefinition with id=ErrorEventDefinition_1i5xc5j
2025-05-17 12:48:19 INFO  c.e.v.s.mappings.util.NoMapping - NO MAPPING NEEDED: for element with id=ErrorEventDefinition_1i5xc5j
2025-05-17 12:48:19 INFO  c.e.v.s.m.p.e.CatchEventDefinitionMapping - FINISHED MAPPING: bpmn:eventDefinition with id=ErrorEventDefinition_1i5xc5j
2025-05-17 12:48:19 INFO  c.e.v.s.m.p.events.EventMapping - FINISHED MAPPING: bpmn:event with id=Event_0oz89vh
2025-05-17 12:48:19 INFO  c.e.v.s.m.p.events.EventMapping - MAPPING: bpmn:event with id=Event_0cz03h3
2025-05-17 12:48:19 INFO  c.e.v.s.m.p.events.ThrowEventMapping - MAPPING: bpmn:throwEvent with id=Event_0cz03h3 
2025-05-17 12:48:19 INFO  c.e.v.s.mappings.util.NoMapping - NO MAPPING NEEDED: for element with id=Event_0cz03h3
2025-05-17 12:48:19 INFO  c.e.v.s.m.p.events.EventMapping - FINISHED MAPPING: bpmn:event with id=Event_0cz03h3
2025-05-17 12:48:19 INFO  c.e.v.s.m.process.SubProcessMapping - MAPPING: <bpmn:subProcess> with id=Activity_0zz2mjn
2025-05-17 12:48:19 INFO  c.e.v.s.m.p.t.ServiceTaskLikeMapping - MAPPING: Task with id=CancelNotRequiredRideOnAbort
2025-05-17 12:48:19 INFO  c.e.v.s.m.p.t.ServiceTaskLikeMapping - MAPPING: LoopCharacteristics for element with id=CancelNotRequiredRideOnAbort
2025-05-17 12:48:19 INFO  c.e.v.s.m.util.ExpressionMapping - MAPPING: camunda:expression ${allOffers} into FEEL Expression Language
2025-05-17 12:48:19 INFO  c.e.v.s.m.util.ExpressionMapping - MAPPING: camunda:expression ${offer} into FEEL Expression Language
2025-05-17 12:48:19 INFO  c.e.v.s.m.util.TaskDefinitionMapping - MAPPING: bpmn:delegateExpression ${cancelRideOfferOfDriverOnAbort} into zeebe:taskDefinition
2025-05-17 12:48:19 INFO  c.e.v.s.m.util.ExpressionMapping - MAPPING: camunda:expression ${cancelRideOfferOfDriverOnAbort} into FEEL Expression Language
2025-05-17 12:48:19 INFO  c.e.v.s.m.util.TaskDefinitionMapping - TODO (OPTIONAL): set retries=?? in zeebe:taskDefinition Element
2025-05-17 12:48:19 INFO  c.e.v.s.m.p.t.ServiceTaskLikeMapping - TODO (OPTIONAL): adapt zeebe:taskDefinition type for Task with id=CancelNotRequiredRideOnAbort to select correct JobWorker
2025-05-17 12:48:19 INFO  c.e.v.s.m.p.t.ServiceTaskLikeMapping - FINISHED MAPPING: Task with id=CancelNotRequiredRideOnAbort
2025-05-17 12:48:19 INFO  c.e.v.s.m.p.SequenceFlowMapping - MAPPING: bpmn:sequenceFlow with id=Flow_1yjc09p
2025-05-17 12:48:19 INFO  c.e.v.s.m.p.SequenceFlowMapping - FINISHED MAPPING: bpmn:sequenceFlow with id=Flow_1yjc09p
2025-05-17 12:48:19 INFO  c.e.v.s.m.p.SequenceFlowMapping - MAPPING: bpmn:sequenceFlow with id=Flow_0lgruv2
2025-05-17 12:48:19 INFO  c.e.v.s.m.p.SequenceFlowMapping - FINISHED MAPPING: bpmn:sequenceFlow with id=Flow_0lgruv2
2025-05-17 12:48:19 INFO  c.e.v.s.m.p.events.EventMapping - MAPPING: bpmn:event with id=Event_0jla2bq
2025-05-17 12:48:19 INFO  c.e.v.s.m.p.e.CatchEventDefinitionMapping - MAPPING: bpmn:eventDefinition with id=MessageEventDefinition_134rsvv
2025-05-17 12:48:19 INFO  c.e.v.s.mappings.util.NoMapping - NO MAPPING NEEDED: for element with id=MessageEventDefinition_134rsvv
2025-05-17 12:48:19 INFO  c.e.v.s.m.p.e.CatchEventDefinitionMapping - FINISHED MAPPING: bpmn:eventDefinition with id=MessageEventDefinition_134rsvv
2025-05-17 12:48:19 INFO  c.e.v.s.m.p.events.EventMapping - FINISHED MAPPING: bpmn:event with id=Event_0jla2bq
2025-05-17 12:48:19 INFO  c.e.v.s.m.p.events.EventMapping - MAPPING: bpmn:event with id=Event_1eldft7
2025-05-17 12:48:19 INFO  c.e.v.s.m.p.events.ThrowEventMapping - MAPPING: bpmn:throwEvent with id=Event_1eldft7 
2025-05-17 12:48:19 INFO  c.e.v.s.mappings.util.NoMapping - NO MAPPING NEEDED: for element with id=Event_1eldft7
2025-05-17 12:48:19 INFO  c.e.v.s.m.p.events.EventMapping - FINISHED MAPPING: bpmn:event with id=Event_1eldft7
2025-05-17 12:48:19 INFO  c.e.v.s.m.process.SubProcessMapping - FINISHED MAPPING: <bpmn:subProcess> with id Activity_0zz2mjn
2025-05-17 12:48:19 INFO  c.e.v.s.m.process.SubProcessMapping - MAPPING: <bpmn:subProcess> with id=RequestRideOffer
2025-05-17 12:48:19 INFO  c.e.v.s.m.process.SubProcessMapping - TODO: Manually Map Extension Elements of Subprocess with id=RequestRideOffer
2025-05-17 12:48:19 INFO  c.e.v.s.m.p.t.ServiceTaskLikeMapping - MAPPING: Task with id=Activity_1vse2bh
2025-05-17 12:48:19 INFO  c.e.v.s.m.util.TaskDefinitionMapping - MAPPING: bpmn:delegateExpression ${requestRideOfferFromDriver} into zeebe:taskDefinition
2025-05-17 12:48:19 INFO  c.e.v.s.m.util.ExpressionMapping - MAPPING: camunda:expression ${requestRideOfferFromDriver} into FEEL Expression Language
2025-05-17 12:48:19 INFO  c.e.v.s.m.util.TaskDefinitionMapping - TODO (OPTIONAL): set retries=?? in zeebe:taskDefinition Element
2025-05-17 12:48:19 INFO  c.e.v.s.m.p.t.ServiceTaskLikeMapping - TODO (OPTIONAL): adapt zeebe:taskDefinition type for Task with id=Activity_1vse2bh to select correct JobWorker
2025-05-17 12:48:19 INFO  c.e.v.s.m.p.t.ServiceTaskLikeMapping - FINISHED MAPPING: Task with id=Activity_1vse2bh
2025-05-17 12:48:19 INFO  c.e.v.s.m.p.tasks.ReceiveTaskMapping - MAPPING: ReceiveTask with id=Activity_19miyyw
2025-05-17 12:48:19 INFO  c.e.v.s.mappings.util.NoMapping - NO MAPPING NEEDED: for element with id=Activity_19miyyw
2025-05-17 12:48:19 INFO  c.e.v.s.m.p.tasks.ReceiveTaskMapping - FINISHED MAPPING: ReceiveTask with id=Activity_19miyyw
2025-05-17 12:48:19 INFO  c.e.v.s.m.p.t.b.BusinessRuleTaskMapping - MAPPING: Task with id=Activity_0avhaum
2025-05-17 12:48:19 INFO  c.e.v.s.m.p.t.ServiceTaskLikeMapping - MAPPING: Task with id=Activity_0avhaum
2025-05-17 12:48:19 INFO  c.e.v.s.m.util.TaskDefinitionMapping - MAPPING: bpmn:delegateExpression ${scoreOfferOfDriver} into zeebe:taskDefinition
2025-05-17 12:48:19 INFO  c.e.v.s.m.util.ExpressionMapping - MAPPING: camunda:expression ${scoreOfferOfDriver} into FEEL Expression Language
2025-05-17 12:48:19 INFO  c.e.v.s.m.util.TaskDefinitionMapping - TODO (OPTIONAL): set retries=?? in zeebe:taskDefinition Element
2025-05-17 12:48:19 INFO  c.e.v.s.m.p.t.ServiceTaskLikeMapping - TODO (OPTIONAL): adapt zeebe:taskDefinition type for Task with id=Activity_0avhaum to select correct JobWorker
2025-05-17 12:48:19 INFO  c.e.v.s.m.p.t.ServiceTaskLikeMapping - FINISHED MAPPING: Task with id=Activity_0avhaum
2025-05-17 12:48:19 INFO  c.e.v.s.m.p.SequenceFlowMapping - MAPPING: bpmn:sequenceFlow with id=Flow_0sgzbt9
2025-05-17 12:48:19 INFO  c.e.v.s.m.p.SequenceFlowMapping - FINISHED MAPPING: bpmn:sequenceFlow with id=Flow_0sgzbt9
2025-05-17 12:48:19 INFO  c.e.v.s.m.p.SequenceFlowMapping - MAPPING: bpmn:sequenceFlow with id=Flow_0qbhobz
2025-05-17 12:48:19 INFO  c.e.v.s.m.p.SequenceFlowMapping - FINISHED MAPPING: bpmn:sequenceFlow with id=Flow_0qbhobz
2025-05-17 12:48:19 INFO  c.e.v.s.m.p.SequenceFlowMapping - MAPPING: bpmn:sequenceFlow with id=Flow_1rr9oqp
2025-05-17 12:48:19 INFO  c.e.v.s.m.p.SequenceFlowMapping - FINISHED MAPPING: bpmn:sequenceFlow with id=Flow_1rr9oqp
2025-05-17 12:48:19 INFO  c.e.v.s.m.p.SequenceFlowMapping - MAPPING: bpmn:sequenceFlow with id=Flow_1yrnd67
2025-05-17 12:48:19 INFO  c.e.v.s.m.p.SequenceFlowMapping - FINISHED MAPPING: bpmn:sequenceFlow with id=Flow_1yrnd67
2025-05-17 12:48:19 INFO  c.e.v.s.m.p.SequenceFlowMapping - MAPPING: bpmn:sequenceFlow with id=Flow_1su9seo
2025-05-17 12:48:19 INFO  c.e.v.s.m.p.SequenceFlowMapping - FINISHED MAPPING: bpmn:sequenceFlow with id=Flow_1su9seo
2025-05-17 12:48:19 INFO  c.e.v.s.m.p.events.EventMapping - MAPPING: bpmn:event with id=Event_085bfug
2025-05-17 12:48:19 INFO  c.e.v.s.mappings.util.NoMapping - NO MAPPING NEEDED: for element with id=Event_085bfug
2025-05-17 12:48:19 INFO  c.e.v.s.m.p.events.EventMapping - FINISHED MAPPING: bpmn:event with id=Event_085bfug
2025-05-17 12:48:19 INFO  c.e.v.s.m.p.events.EventMapping - MAPPING: bpmn:event with id=Event_10kc3kc
2025-05-17 12:48:19 INFO  c.e.v.s.m.p.events.ThrowEventMapping - MAPPING: bpmn:throwEvent with id=Event_10kc3kc 
2025-05-17 12:48:19 INFO  c.e.v.s.mappings.util.NoMapping - NO MAPPING NEEDED: for element with id=Event_10kc3kc
2025-05-17 12:48:19 INFO  c.e.v.s.m.p.events.EventMapping - FINISHED MAPPING: bpmn:event with id=Event_10kc3kc
2025-05-17 12:48:19 INFO  c.e.v.s.m.p.events.EventMapping - MAPPING: bpmn:event with id=Event_01ckd5n
2025-05-17 12:48:19 INFO  c.e.v.s.m.p.e.CatchEventDefinitionMapping - MAPPING: bpmn:eventDefinition with id=TimerEventDefinition_0cuzrxd
2025-05-17 12:48:19 INFO  c.e.v.s.m.util.ExpressionMapping - MAPPING: camunda:expression ${offeringDeadline} into FEEL Expression Language
2025-05-17 12:48:19 INFO  c.e.v.s.m.p.e.CatchEventDefinitionMapping - TODO (OPTIONAL): for TimerEventDefinition with id TimerEventDefinition_0cuzrxd: set output of expression '${offeringDeadline}' as a variable in ISO8601 format and set variable as this timer events value
2025-05-17 12:48:19 INFO  c.e.v.s.m.p.events.EventMapping - FINISHED MAPPING: bpmn:event with id=Event_01ckd5n
2025-05-17 12:48:19 INFO  c.e.v.s.m.p.events.EventMapping - MAPPING: bpmn:event with id=Event_0qn3ukk
2025-05-17 12:48:19 INFO  c.e.v.s.m.p.events.ThrowEventMapping - MAPPING: bpmn:throwEvent with id=Event_0qn3ukk 
2025-05-17 12:48:19 INFO  c.e.v.s.m.p.e.ThrowEventDefinitionMapping - MAPPING: bpmn:eventDefinition with id=MessageEventDefinition_034zqie
2025-05-17 12:48:19 INFO  c.e.v.s.mappings.util.NoMapping - NO MAPPING NEEDED: for element with id=MessageEventDefinition_034zqie
2025-05-17 12:48:19 INFO  c.e.v.s.m.p.e.ThrowEventDefinitionMapping - FINISHED MAPPING: bpmn:eventDefinition with id=MessageEventDefinition_034zqie
2025-05-17 12:48:19 INFO  c.e.v.s.m.util.TaskDefinitionMapping - MAPPING: camunda:delegateExpression ${cancelRideOfferOfDriver} into zeebe:taskDefinition
2025-05-17 12:48:19 INFO  c.e.v.s.m.util.TaskDefinitionMapping - MAPPING: bpmn:delegateExpression ${cancelRideOfferOfDriver} into zeebe:taskDefinition
2025-05-17 12:48:19 INFO  c.e.v.s.m.util.ExpressionMapping - MAPPING: camunda:expression ${cancelRideOfferOfDriver} into FEEL Expression Language
2025-05-17 12:48:19 INFO  c.e.v.s.m.util.TaskDefinitionMapping - TODO (OPTIONAL): set retries=?? in zeebe:taskDefinition Element
2025-05-17 12:48:19 INFO  c.e.v.s.m.p.events.ThrowEventMapping - TODO (OPTIONAL): adapt zeebe:taskDefinition type for Message Event with id=Event_0qn3ukk to select correct JobWorker
2025-05-17 12:48:19 INFO  c.e.v.s.m.p.events.ThrowEventMapping - FINISHED MAPPING: bpmn:throwEvent with id=Event_0qn3ukk 
2025-05-17 12:48:19 INFO  c.e.v.s.m.p.events.EventMapping - FINISHED MAPPING: bpmn:event with id=Event_0qn3ukk
2025-05-17 12:48:19 INFO  c.e.v.s.m.process.SubProcessMapping - MAPPING: LoopCharacteristics for element with id=RequestRideOffer
2025-05-17 12:48:19 INFO  c.e.v.s.m.util.ExpressionMapping - MAPPING: camunda:expression ${potentialDrivers.size()} into FEEL Expression Language
2025-05-17 12:48:19 INFO  c.e.v.s.m.process.SubProcessMapping - FINISHED MAPPING: <bpmn:subProcess> with id RequestRideOffer
2025-05-17 12:48:19 INFO  c.e.v.s.m.process.RootProcessMapping - FINISHED MAPPING: <bpmn:process> with id=TaxiRide
2025-05-17 12:48:19 INFO  c.e.v.s.mappings.MessageMapping - MAPPING: bpmn:message with id=Message_165aq6x
2025-05-17 12:48:19 INFO  c.e.v.s.m.p.SubscriptionMapping - MAPPING: zeebe:subscription with correlationKey=AddCorrelationKey 
2025-05-17 12:48:19 INFO  c.e.v.s.m.p.SubscriptionMapping - TODO: set correlationKey=?? in zeebe:subscription Element
2025-05-17 12:48:19 INFO  c.e.v.s.m.p.SubscriptionMapping - FINISHED MAPPING: zeebe:subscription with correlationKey=AddCorrelationKey 
2025-05-17 12:48:19 INFO  c.e.v.s.mappings.MessageMapping - FINISHED MAPPING: bpmn:message with id=Message_165aq6x
2025-05-17 12:48:19 INFO  c.e.v.s.mappings.MessageMapping - MAPPING: bpmn:message with id=Message_0kd4337
2025-05-17 12:48:19 INFO  c.e.v.s.m.p.SubscriptionMapping - MAPPING: zeebe:subscription with correlationKey=AddCorrelationKey 
2025-05-17 12:48:19 INFO  c.e.v.s.m.p.SubscriptionMapping - TODO: set correlationKey=?? in zeebe:subscription Element
2025-05-17 12:48:19 INFO  c.e.v.s.m.p.SubscriptionMapping - FINISHED MAPPING: zeebe:subscription with correlationKey=AddCorrelationKey 
2025-05-17 12:48:19 INFO  c.e.v.s.mappings.MessageMapping - FINISHED MAPPING: bpmn:message with id=Message_0kd4337
2025-05-17 12:48:19 INFO  c.e.v.s.mappings.MessageMapping - MAPPING: bpmn:message with id=Message_0h5yzo1
2025-05-17 12:48:19 INFO  c.e.v.s.m.p.SubscriptionMapping - MAPPING: zeebe:subscription with correlationKey=AddCorrelationKey 
2025-05-17 12:48:19 INFO  c.e.v.s.m.p.SubscriptionMapping - TODO: set correlationKey=?? in zeebe:subscription Element
2025-05-17 12:48:19 INFO  c.e.v.s.m.p.SubscriptionMapping - FINISHED MAPPING: zeebe:subscription with correlationKey=AddCorrelationKey 
2025-05-17 12:48:19 INFO  c.e.v.s.mappings.MessageMapping - FINISHED MAPPING: bpmn:message with id=Message_0h5yzo1
2025-05-17 12:48:19 INFO  c.e.v.s.mappings.MessageMapping - MAPPING: bpmn:message with id=Message_0ojl2z6
2025-05-17 12:48:19 INFO  c.e.v.s.m.p.SubscriptionMapping - MAPPING: zeebe:subscription with correlationKey=AddCorrelationKey 
2025-05-17 12:48:19 INFO  c.e.v.s.m.p.SubscriptionMapping - TODO: set correlationKey=?? in zeebe:subscription Element
2025-05-17 12:48:19 INFO  c.e.v.s.m.p.SubscriptionMapping - FINISHED MAPPING: zeebe:subscription with correlationKey=AddCorrelationKey 
2025-05-17 12:48:19 INFO  c.e.v.s.mappings.MessageMapping - FINISHED MAPPING: bpmn:message with id=Message_0ojl2z6
2025-05-17 12:48:19 INFO  c.e.v.s.mappings.MessageMapping - MAPPING: bpmn:message with id=Message_16yuvne
2025-05-17 12:48:19 INFO  c.e.v.s.m.p.SubscriptionMapping - MAPPING: zeebe:subscription with correlationKey=AddCorrelationKey 
2025-05-17 12:48:19 INFO  c.e.v.s.m.p.SubscriptionMapping - TODO: set correlationKey=?? in zeebe:subscription Element
2025-05-17 12:48:19 INFO  c.e.v.s.m.p.SubscriptionMapping - FINISHED MAPPING: zeebe:subscription with correlationKey=AddCorrelationKey 
2025-05-17 12:48:19 INFO  c.e.v.s.mappings.MessageMapping - FINISHED MAPPING: bpmn:message with id=Message_16yuvne
2025-05-17 12:48:19 INFO  c.e.v.s.mappings.MessageMapping - MAPPING: bpmn:message with id=Message_1m48gfp
2025-05-17 12:48:19 INFO  c.e.v.s.m.p.SubscriptionMapping - MAPPING: zeebe:subscription with correlationKey=AddCorrelationKey 
2025-05-17 12:48:19 INFO  c.e.v.s.m.p.SubscriptionMapping - TODO: set correlationKey=?? in zeebe:subscription Element
2025-05-17 12:48:19 INFO  c.e.v.s.m.p.SubscriptionMapping - FINISHED MAPPING: zeebe:subscription with correlationKey=AddCorrelationKey 
2025-05-17 12:48:19 INFO  c.e.v.s.mappings.MessageMapping - FINISHED MAPPING: bpmn:message with id=Message_1m48gfp
2025-05-17 12:48:19 INFO  c.e.v.service.mappings.ErrorMapping - MAPPING: bpmn:error with id=Error_1qhp7a3
2025-05-17 12:48:19 INFO  c.e.v.service.mappings.ErrorMapping - TODO: set correct Error Code for bpmn:error with id=Error_1qhp7a3
2025-05-17 12:48:19 INFO  c.e.v.service.mappings.ErrorMapping - FINISHED MAPPING: bpmn:error with id=Error_1qhp7a3
2025-05-17 12:48:19 INFO  c.e.v.service.DefinitionMapping - FINISHED MAPPING: <bpmn:definitions>
2025-05-17 12:48:19 INFO  c.e.v.VanillaTransformerApplication - FINISHED PROCESSING FILE: src\main\resources\examples\taxiride-blueprint\TaxiRide-c7.bpmn
2025-05-17 12:48:19 INFO  c.e.v.VanillaTransformerApplication - TRANSFORMED FILE WRITTEN TO: src\main\resources\examples\taxiride-blueprint\TaxiRide-c7-transformed.bpmn
2025-05-17 12:48:19 INFO  o.s.b.w.e.tomcat.GracefulShutdown - Commencing graceful shutdown. Waiting for active requests to complete
2025-05-17 12:48:20 INFO  o.s.b.w.e.tomcat.GracefulShutdown - Graceful shutdown complete
