2025-04-27 11:58:58 INFO  c.e.v.VanillaTransformerApplication - Starting VanillaTransformerApplication using Java 17.0.12 with PID 22624 (C:\Users\sunaridr\Documents\STUDIUM\project\vanilla-transformer\target\classes started by sunaridr in C:\Users\sunaridr\Documents\STUDIUM\project\vanilla-transformer)
2025-04-27 11:58:58 INFO  c.e.v.VanillaTransformerApplication - No active profile set, falling back to 1 default profile: "default"
2025-04-27 11:58:58 INFO  o.s.b.w.e.tomcat.TomcatWebServer - Tomcat initialized with port 8080 (http)
2025-04-27 11:58:58 INFO  o.a.coyote.http11.Http11NioProtocol - Initializing ProtocolHandler ["http-nio-8080"]
2025-04-27 11:58:58 INFO  o.a.catalina.core.StandardService - Starting service [Tomcat]
2025-04-27 11:58:58 INFO  o.a.catalina.core.StandardEngine - Starting Servlet engine: [Apache Tomcat/10.1.33]
2025-04-27 11:58:59 INFO  o.a.c.c.C.[Tomcat].[localhost].[/] - Initializing Spring embedded WebApplicationContext
2025-04-27 11:58:59 INFO  o.s.b.w.s.c.ServletWebServerApplicationContext - Root WebApplicationContext: initialization completed in 863 ms
2025-04-27 11:58:59 INFO  o.a.coyote.http11.Http11NioProtocol - Starting ProtocolHandler ["http-nio-8080"]
2025-04-27 11:58:59 INFO  o.s.b.w.e.tomcat.TomcatWebServer - Tomcat started on port 8080 (http) with context path '/'
2025-04-27 11:58:59 INFO  c.e.v.VanillaTransformerApplication - Started VanillaTransformerApplication in 1.551 seconds (process running for 2.154)
2025-04-27 11:58:59 INFO  c.e.v.VanillaTransformerApplication - PROCESSING FILE: src\main\resources\examples\elmo\processes\passenger-service\claim-reminder.bpmn
2025-04-27 11:58:59 INFO  c.e.v.service.DefinitionMapping - MAPPING: <bpmn:definitions>
2025-04-27 11:58:59 INFO  c.e.v.service.DefinitionMapping - MAPPING: Execution Plattform Camunda Platform -> Camunda Cloud
2025-04-27 11:58:59 INFO  c.e.v.service.DefinitionMapping - MAPPING: Execution Plattform Version 7.18.0 -> 8.6.0
2025-04-27 11:58:59 INFO  c.e.v.service.RootProcessMapping - MAPPING: <bpmn:process>
2025-04-27 11:58:59 INFO  c.e.v.s.t.m.ServiceTaskLikeMapping - MAPPING: Task with id=Activity_1d7glet
2025-04-27 11:58:59 INFO  c.e.v.service.TaskDefinitionMapping - MAPPING: camunda:expression ${askDriversToClaimAnyFreeShiftOfNextWeek} into zeebe:taskDefinition
2025-04-27 11:58:59 INFO  c.e.v.service.ExpressionMapping - MAPPING: camunda:expression ${askDriversToClaimAnyFreeShiftOfNextWeek} into FEEL Expression Language
2025-04-27 11:58:59 INFO  c.e.v.service.TaskDefinitionMapping - TODO (OPTIONAL): set retries=?? in zeebe:taskDefinition Element
2025-04-27 11:58:59 INFO  c.e.v.s.t.m.ServiceTaskLikeMapping - TODO (OPTIONAL): adapt zeebe:taskDefinition type for Task with id=Activity_1d7glet to select correct JobWorker
2025-04-27 11:58:59 INFO  c.e.v.service.SequenceFlowMapping - MAPPING: bpmn:sequenceFlow with id=Flow_1x4fgai
2025-04-27 11:58:59 INFO  c.e.v.service.SequenceFlowMapping - MAPPING: bpmn:sequenceFlow with id=Flow_1k3cbbq
2025-04-27 11:58:59 INFO  c.e.v.s.event.mappings.EventMapping - MAPPING: bpmn:event with id=StartEvent_1
2025-04-27 11:58:59 INFO  c.e.v.s.e.m.EventDefinitionMapping - MAPPING: bpmn:eventDefinition with id=TimerEventDefinition_0dt804z
2025-04-27 11:58:59 INFO  c.e.v.s.event.mappings.EventMapping - MAPPING: bpmn:event with id=Event_0kx3d5b
2025-04-27 11:58:59 INFO  c.e.v.s.e.mappings.ThrowEventMapping - MAPPING: bpmn:throwEvent with id=Event_0kx3d5b 
2025-04-27 11:58:59 INFO  c.e.v.s.abstractmappings.NoMapping - NO MAPPING NEEDED: for element with id=Event_0kx3d5b
2025-04-27 11:58:59 INFO  c.e.v.VanillaTransformerApplication - FINISHED PROCESSING FILE: src\main\resources\examples\elmo\processes\passenger-service\claim-reminder.bpmn
2025-04-27 11:58:59 INFO  c.e.v.VanillaTransformerApplication - TRANSFORMED FILE WRITTEN TO: src\main\resources\examples\elmo\processes\passenger-service\claim-reminder-transformed.bpmn
2025-04-27 11:58:59 INFO  o.s.b.w.e.tomcat.GracefulShutdown - Commencing graceful shutdown. Waiting for active requests to complete
2025-04-27 11:58:59 INFO  o.s.b.w.e.tomcat.GracefulShutdown - Graceful shutdown complete
