2025-04-27 12:16:18 INFO  c.e.v.VanillaTransformerApplication - Starting VanillaTransformerApplication using Java 17.0.12 with PID 44448 (C:\Users\sunaridr\Documents\STUDIUM\project\vanilla-transformer\target\classes started by sunaridr in C:\Users\sunaridr\Documents\STUDIUM\project\vanilla-transformer)
2025-04-27 12:16:18 INFO  c.e.v.VanillaTransformerApplication - No active profile set, falling back to 1 default profile: "default"
2025-04-27 12:16:18 INFO  o.s.b.w.e.tomcat.TomcatWebServer - Tomcat initialized with port 8080 (http)
2025-04-27 12:16:18 INFO  o.a.coyote.http11.Http11NioProtocol - Initializing ProtocolHandler ["http-nio-8080"]
2025-04-27 12:16:18 INFO  o.a.catalina.core.StandardService - Starting service [Tomcat]
2025-04-27 12:16:18 INFO  o.a.catalina.core.StandardEngine - Starting Servlet engine: [Apache Tomcat/10.1.33]
2025-04-27 12:16:18 INFO  o.a.c.c.C.[Tomcat].[localhost].[/] - Initializing Spring embedded WebApplicationContext
2025-04-27 12:16:18 INFO  o.s.b.w.s.c.ServletWebServerApplicationContext - Root WebApplicationContext: initialization completed in 677 ms
2025-04-27 12:16:19 INFO  o.a.coyote.http11.Http11NioProtocol - Starting ProtocolHandler ["http-nio-8080"]
2025-04-27 12:16:19 INFO  o.s.b.w.e.tomcat.TomcatWebServer - Tomcat started on port 8080 (http) with context path '/'
2025-04-27 12:16:19 INFO  c.e.v.VanillaTransformerApplication - Started VanillaTransformerApplication in 1.377 seconds (process running for 1.985)
2025-04-27 12:16:19 INFO  c.e.v.VanillaTransformerApplication - PROCESSING FILE: src\main\resources\examples\elmo\processes\passenger-service\passenger-service.bpmn
2025-04-27 12:16:19 INFO  c.e.v.service.DefinitionMapping - MAPPING: <bpmn:definitions>
2025-04-27 12:16:19 INFO  c.e.v.service.DefinitionMapping - MAPPING: Execution Plattform Camunda Platform -> Camunda Cloud
2025-04-27 12:16:19 INFO  c.e.v.service.DefinitionMapping - MAPPING: Execution Plattform Version 7.18.0 -> 8.6.0
2025-04-27 12:16:19 INFO  c.e.v.service.RootProcessMapping - MAPPING: <bpmn:process>
2025-04-27 12:16:19 INFO  c.e.v.service.SequenceFlowMapping - MAPPING: bpmn:sequenceFlow with id=Flow_14rqne4
2025-04-27 12:16:19 INFO  c.e.v.service.SequenceFlowMapping - MAPPING: bpmn:sequenceFlow with id=Flow_0p19yj0
2025-04-27 12:16:19 INFO  c.e.v.service.SequenceFlowMapping - MAPPING: bpmn:sequenceFlow with id=Flow_0rxm3ia
2025-04-27 12:16:19 INFO  c.e.v.service.SequenceFlowMapping - MAPPING: bpmn:sequenceFlow with id=Flow_0qj9mm6
2025-04-27 12:16:19 INFO  c.e.v.s.event.mappings.EventMapping - MAPPING: bpmn:event with id=Event_1uqxv6v
2025-04-27 12:16:19 INFO  c.e.v.s.abstractmappings.NoMapping - NO MAPPING NEEDED: for element with id=Event_1uqxv6v
2025-04-27 12:16:19 INFO  c.e.v.s.event.mappings.EventMapping - MAPPING: bpmn:event with id=PassenderService_EndOfShift
2025-04-27 12:16:19 INFO  c.e.v.s.e.m.EventDefinitionMapping - MAPPING: bpmn:eventDefinition with id=TimerEventDefinition_079dyzs
2025-04-27 12:16:19 INFO  c.e.v.service.ExpressionMapping - MAPPING: camunda:expression ${endsAtDate} into FEEL Expression Language
2025-04-27 12:16:19 INFO  c.e.v.s.e.m.EventDefinitionMapping - TODO (OPTIONAL): for TimerEventDefinition with id TimerEventDefinition_079dyzs: set output of expression '${endsAtDate}' as a variable in ISO8601 format and set variable as this timer events value
2025-04-27 12:16:19 INFO  c.e.v.s.event.mappings.EventMapping - MAPPING: bpmn:event with id=Event_1u136pf
2025-04-27 12:16:19 INFO  c.e.v.s.e.mappings.ThrowEventMapping - MAPPING: bpmn:throwEvent with id=Event_1u136pf 
2025-04-27 12:16:19 INFO  c.e.v.s.abstractmappings.NoMapping - NO MAPPING NEEDED: for element with id=Event_1u136pf
2025-04-27 12:16:19 INFO  c.e.v.s.event.mappings.EventMapping - MAPPING: bpmn:event with id=Event_10nx96x
2025-04-27 12:16:19 INFO  c.e.v.s.e.mappings.ThrowEventMapping - MAPPING: bpmn:throwEvent with id=Event_10nx96x 
2025-04-27 12:16:19 INFO  c.e.v.service.TaskDefinitionMapping - MAPPING: camunda:expression ${shiftInProgress} into zeebe:taskDefinition
2025-04-27 12:16:19 INFO  c.e.v.service.ExpressionMapping - MAPPING: camunda:expression ${shiftInProgress} into FEEL Expression Language
2025-04-27 12:16:19 INFO  c.e.v.service.TaskDefinitionMapping - TODO (OPTIONAL): set retries=?? in zeebe:taskDefinition Element
2025-04-27 12:16:19 INFO  c.e.v.s.e.mappings.ThrowEventMapping - TODO (OPTIONAL): adapt zeebe:taskDefinition type for Message Event with id=Event_10nx96x to select correct JobWorker
2025-04-27 12:16:19 INFO  c.e.v.s.event.mappings.EventMapping - MAPPING: bpmn:event with id=Event_0x9mhmg
2025-04-27 12:16:19 INFO  c.e.v.s.e.mappings.ThrowEventMapping - MAPPING: bpmn:throwEvent with id=Event_0x9mhmg 
2025-04-27 12:16:19 INFO  c.e.v.service.TaskDefinitionMapping - MAPPING: camunda:expression ${shiftDone} into zeebe:taskDefinition
2025-04-27 12:16:19 INFO  c.e.v.service.ExpressionMapping - MAPPING: camunda:expression ${shiftDone} into FEEL Expression Language
2025-04-27 12:16:19 INFO  c.e.v.service.TaskDefinitionMapping - TODO (OPTIONAL): set retries=?? in zeebe:taskDefinition Element
2025-04-27 12:16:19 INFO  c.e.v.s.e.mappings.ThrowEventMapping - TODO (OPTIONAL): adapt zeebe:taskDefinition type for Message Event with id=Event_0x9mhmg to select correct JobWorker
2025-04-27 12:16:19 INFO  c.e.v.s.e.mappings.MessageMapping - MAPPING: bpmn:message with id=Message_0tm4seo
2025-04-27 12:16:19 INFO  c.e.v.service.SubscriptionMapping - MAPPING: zeebe:subscription with correlationKey=AddCorrelationKey 
2025-04-27 12:16:19 INFO  c.e.v.service.SubscriptionMapping - TODO: set correlationKey=?? in zeebe:subscription Element
2025-04-27 12:16:19 INFO  c.e.v.service.ErrorMapping - MAPPING: bpmn:error with id=Error_1dqjcwb
2025-04-27 12:16:19 INFO  c.e.v.service.ErrorMapping - WARNING: Cannot map camunda:errorMessage=null in element bpmn:error with id=Error_1dqjcwb
2025-04-27 12:16:19 INFO  c.e.v.s.abstractmappings.NoMapping - NO MAPPING NEEDED: for element with id=Error_1dqjcwb
2025-04-27 12:16:19 INFO  c.e.v.VanillaTransformerApplication - FINISHED PROCESSING FILE: src\main\resources\examples\elmo\processes\passenger-service\passenger-service.bpmn
2025-04-27 12:16:19 INFO  c.e.v.VanillaTransformerApplication - TRANSFORMED FILE WRITTEN TO: src\main\resources\examples\elmo\processes\passenger-service\passenger-service-transformed.bpmn
2025-04-27 12:16:19 INFO  o.s.b.w.e.tomcat.GracefulShutdown - Commencing graceful shutdown. Waiting for active requests to complete
2025-04-27 12:16:19 INFO  o.s.b.w.e.tomcat.GracefulShutdown - Graceful shutdown complete
