2025-04-27 12:40:10 INFO  c.e.v.VanillaTransformerApplication - Starting VanillaTransformerApplication using Java 17.0.12 with PID 6368 (C:\Users\sunaridr\Documents\STUDIUM\project\vanilla-transformer\target\classes started by sunaridr in C:\Users\sunaridr\Documents\STUDIUM\project\vanilla-transformer)
2025-04-27 12:40:10 INFO  c.e.v.VanillaTransformerApplication - No active profile set, falling back to 1 default profile: "default"
2025-04-27 12:40:11 INFO  o.s.b.w.e.tomcat.TomcatWebServer - Tomcat initialized with port 8080 (http)
2025-04-27 12:40:11 INFO  o.a.coyote.http11.Http11NioProtocol - Initializing ProtocolHandler ["http-nio-8080"]
2025-04-27 12:40:11 INFO  o.a.catalina.core.StandardService - Starting service [Tomcat]
2025-04-27 12:40:11 INFO  o.a.catalina.core.StandardEngine - Starting Servlet engine: [Apache Tomcat/10.1.33]
2025-04-27 12:40:11 INFO  o.a.c.c.C.[Tomcat].[localhost].[/] - Initializing Spring embedded WebApplicationContext
2025-04-27 12:40:11 INFO  o.s.b.w.s.c.ServletWebServerApplicationContext - Root WebApplicationContext: initialization completed in 808 ms
2025-04-27 12:40:11 INFO  o.a.coyote.http11.Http11NioProtocol - Starting ProtocolHandler ["http-nio-8080"]
2025-04-27 12:40:11 INFO  o.s.b.w.e.tomcat.TomcatWebServer - Tomcat started on port 8080 (http) with context path '/'
2025-04-27 12:40:11 INFO  c.e.v.VanillaTransformerApplication - Started VanillaTransformerApplication in 1.543 seconds (process running for 2.215)
2025-04-27 12:40:12 INFO  c.e.v.VanillaTransformerApplication - PROCESSING FILE: src\main\resources\examples\elmo\processes\passenger-service\shift-due.bpmn
2025-04-27 12:40:12 INFO  c.e.v.service.DefinitionMapping - MAPPING: <bpmn:definitions>
2025-04-27 12:40:12 INFO  c.e.v.service.DefinitionMapping - MAPPING: Execution Plattform Camunda Platform -> Camunda Cloud
2025-04-27 12:40:12 INFO  c.e.v.service.DefinitionMapping - MAPPING: Execution Plattform Version 7.18.0 -> 8.6.0
2025-04-27 12:40:12 INFO  c.e.v.service.RootProcessMapping - MAPPING: <bpmn:process>
2025-04-27 12:40:12 INFO  c.e.v.service.GatewayMapping - MAPPING: bpmn:gateway with id=Gateway_0fp1pqt
2025-04-27 12:40:12 INFO  c.e.v.s.abstractmappings.NoMapping - NO MAPPING NEEDED: for element with id=Gateway_0fp1pqt
2025-04-27 12:40:12 INFO  c.e.v.s.t.m.ServiceTaskLikeMapping - MAPPING: Task with id=Activity_04dk5bt
2025-04-27 12:40:12 INFO  c.e.v.s.t.m.LoopCharacteristicsMapping - MAPPING: LoopCharacteristics with id=null
2025-04-27 12:40:12 INFO  c.e.v.service.ExpressionMapping - MAPPING: camunda:expression ${rides} into FEEL Expression Language
2025-04-27 12:40:12 INFO  c.e.v.s.t.m.LoopCharacteristicsMapping - TODO: set InputElement=?? for zeebe:LoopCharacteristics in element with id=null
2025-04-27 12:40:12 INFO  c.e.v.service.TaskDefinitionMapping - MAPPING: camunda:expression ${informPassengerAboutShiftNotClaimedYet} into zeebe:taskDefinition
2025-04-27 12:40:12 INFO  c.e.v.service.ExpressionMapping - MAPPING: camunda:expression ${informPassengerAboutShiftNotClaimedYet} into FEEL Expression Language
2025-04-27 12:40:12 INFO  c.e.v.service.TaskDefinitionMapping - TODO (OPTIONAL): set retries=?? in zeebe:taskDefinition Element
2025-04-27 12:40:12 INFO  c.e.v.s.t.m.ServiceTaskLikeMapping - TODO (OPTIONAL): adapt zeebe:taskDefinition type for Task with id=Activity_04dk5bt to select correct JobWorker
2025-04-27 12:40:12 INFO  c.e.v.service.SequenceFlowMapping - MAPPING: bpmn:sequenceFlow with id=Flow_1vxwq1q
2025-04-27 12:40:12 INFO  c.e.v.service.SequenceFlowMapping - MAPPING: bpmn:sequenceFlow with id=Flow_1tj780o
2025-04-27 12:40:12 INFO  c.e.v.service.SequenceFlowMapping - MAPPING: bpmn:sequenceFlow with id=Flow_0bwf83n
2025-04-27 12:40:12 INFO  c.e.v.service.SequenceFlowMapping - MAPPING: bpmn:sequenceFlow with id=Flow_067zb5u
2025-04-27 12:40:12 INFO  c.e.v.service.SequenceFlowMapping - MAPPING: bpmn:sequenceFlow with id=Flow_0d47tyx
2025-04-27 12:40:12 INFO  c.e.v.service.SequenceFlowMapping - MAPPING: bpmn:sequenceFlow with id=Flow_1y8ubqu
2025-04-27 12:40:12 INFO  c.e.v.s.event.mappings.EventMapping - MAPPING: bpmn:event with id=ShiftDue_EndOfShift
2025-04-27 12:40:12 INFO  c.e.v.s.e.m.EventDefinitionMapping - MAPPING: bpmn:eventDefinition with id=TimerEventDefinition_11f7fmq
2025-04-27 12:40:12 INFO  c.e.v.service.ExpressionMapping - MAPPING: camunda:expression ${endsAtDate} into FEEL Expression Language
2025-04-27 12:40:12 INFO  c.e.v.s.e.m.EventDefinitionMapping - TODO (OPTIONAL): for TimerEventDefinition with id TimerEventDefinition_11f7fmq: set output of expression '${endsAtDate}' as a variable in ISO8601 format and set variable as this timer events value
2025-04-27 12:40:12 INFO  c.e.v.s.event.mappings.EventMapping - MAPPING: bpmn:event with id=Event_0qefsal
2025-04-27 12:40:12 INFO  c.e.v.s.e.m.EventDefinitionMapping - MAPPING: bpmn:eventDefinition with id=MessageEventDefinition_0q45hk7
2025-04-27 12:40:12 INFO  c.e.v.s.event.mappings.EventMapping - MAPPING: bpmn:event with id=Event_0tn7er7
2025-04-27 12:40:12 INFO  c.e.v.s.e.mappings.ThrowEventMapping - MAPPING: bpmn:throwEvent with id=Event_0tn7er7 
2025-04-27 12:40:12 INFO  c.e.v.s.abstractmappings.NoMapping - NO MAPPING NEEDED: for element with id=Event_0tn7er7
2025-04-27 12:40:12 INFO  c.e.v.s.event.mappings.EventMapping - MAPPING: bpmn:event with id=Event_024swto
2025-04-27 12:40:12 INFO  c.e.v.s.abstractmappings.NoMapping - NO MAPPING NEEDED: for element with id=Event_024swto
2025-04-27 12:40:12 INFO  c.e.v.s.event.mappings.EventMapping - MAPPING: bpmn:event with id=Event_0wzghbs
2025-04-27 12:40:12 INFO  c.e.v.s.e.mappings.ThrowEventMapping - MAPPING: bpmn:throwEvent with id=Event_0wzghbs 
2025-04-27 12:40:12 INFO  c.e.v.s.abstractmappings.NoMapping - NO MAPPING NEEDED: for element with id=Event_0wzghbs
2025-04-27 12:40:12 INFO  c.e.v.s.e.mappings.MessageMapping - MAPPING: bpmn:message with id=Message_1p05uj9
2025-04-27 12:40:12 INFO  c.e.v.service.SubscriptionMapping - MAPPING: zeebe:subscription with correlationKey=AddCorrelationKey 
2025-04-27 12:40:12 INFO  c.e.v.service.SubscriptionMapping - TODO: set correlationKey=?? in zeebe:subscription Element
2025-04-27 12:40:12 INFO  c.e.v.VanillaTransformerApplication - FINISHED PROCESSING FILE: src\main\resources\examples\elmo\processes\passenger-service\shift-due.bpmn
2025-04-27 12:40:12 INFO  c.e.v.VanillaTransformerApplication - TRANSFORMED FILE WRITTEN TO: src\main\resources\examples\elmo\processes\passenger-service\shift-due-transformed.bpmn
2025-04-27 12:40:12 INFO  o.s.b.w.e.tomcat.GracefulShutdown - Commencing graceful shutdown. Waiting for active requests to complete
2025-04-27 12:40:12 INFO  o.s.b.w.e.tomcat.GracefulShutdown - Graceful shutdown complete
