2025-04-27 11:17:27 INFO  c.e.v.VanillaTransformerApplication - Starting VanillaTransformerApplication using Java 17.0.12 with PID 5296 (C:\Users\sunaridr\Documents\STUDIUM\project\vanilla-transformer\target\classes started by sunaridr in C:\Users\sunaridr\Documents\STUDIUM\project\vanilla-transformer)
2025-04-27 11:17:27 INFO  c.e.v.VanillaTransformerApplication - No active profile set, falling back to 1 default profile: "default"
2025-04-27 11:17:28 INFO  o.s.b.w.e.tomcat.TomcatWebServer - Tomcat initialized with port 8080 (http)
2025-04-27 11:17:28 INFO  o.a.coyote.http11.Http11NioProtocol - Initializing ProtocolHandler ["http-nio-8080"]
2025-04-27 11:17:28 INFO  o.a.catalina.core.StandardService - Starting service [Tomcat]
2025-04-27 11:17:28 INFO  o.a.catalina.core.StandardEngine - Starting Servlet engine: [Apache Tomcat/10.1.33]
2025-04-27 11:17:28 INFO  o.a.c.c.C.[Tomcat].[localhost].[/] - Initializing Spring embedded WebApplicationContext
2025-04-27 11:17:28 INFO  o.s.b.w.s.c.ServletWebServerApplicationContext - Root WebApplicationContext: initialization completed in 686 ms
2025-04-27 11:17:28 INFO  o.a.coyote.http11.Http11NioProtocol - Starting ProtocolHandler ["http-nio-8080"]
2025-04-27 11:17:28 INFO  o.s.b.w.e.tomcat.TomcatWebServer - Tomcat started on port 8080 (http) with context path '/'
2025-04-27 11:17:28 INFO  c.e.v.VanillaTransformerApplication - Started VanillaTransformerApplication in 1.317 seconds (process running for 1.942)
2025-04-27 11:17:29 INFO  c.e.v.VanillaTransformerApplication - PROCESSING FILE: src\main\resources\examples\elmo\processes\car-sharing\reservation-lifecycle.bpmn
2025-04-27 11:17:29 INFO  c.e.v.service.DefinitionMapping - MAPPING: <bpmn:definitions>
2025-04-27 11:17:29 INFO  c.e.v.service.DefinitionMapping - MAPPING: Execution Plattform Camunda Platform -> Camunda Cloud
2025-04-27 11:17:29 INFO  c.e.v.service.DefinitionMapping - MAPPING: Execution Plattform Version 7.15.0 -> 8.6.0
2025-04-27 11:17:29 INFO  c.e.v.service.RootProcessMapping - MAPPING: <bpmn:process>
2025-04-27 11:17:29 INFO  c.e.v.s.t.m.ServiceTaskLikeMapping - MAPPING: Task with id=Activity_1qbm914
2025-04-27 11:17:29 INFO  c.e.v.service.TaskDefinitionMapping - MAPPING: camunda:expression ${updateRecordedUsage} into zeebe:taskDefinition
2025-04-27 11:17:29 INFO  c.e.v.service.ExpressionMapping - MAPPING: camunda:expression ${updateRecordedUsage} into FEEL Expression Language
2025-04-27 11:17:29 INFO  c.e.v.service.TaskDefinitionMapping - TODO (OPTIONAL): set retries=?? in zeebe:taskDefinition Element
2025-04-27 11:17:29 INFO  c.e.v.s.t.m.ServiceTaskLikeMapping - TODO (OPTIONAL): adapt zeebe:taskDefinition type for Task with id=Activity_1qbm914 to select correct JobWorker
2025-04-27 11:17:29 INFO  c.e.v.s.t.m.ServiceTaskLikeMapping - MAPPING: Task with id=Activity_02o5fvl
2025-04-27 11:17:29 INFO  c.e.v.service.TaskDefinitionMapping - MAPPING: camunda:expression ${fixDataAfterCancellingDueToConflict} into zeebe:taskDefinition
2025-04-27 11:17:29 INFO  c.e.v.service.ExpressionMapping - MAPPING: camunda:expression ${fixDataAfterCancellingDueToConflict} into FEEL Expression Language
2025-04-27 11:17:29 INFO  c.e.v.service.TaskDefinitionMapping - TODO (OPTIONAL): set retries=?? in zeebe:taskDefinition Element
2025-04-27 11:17:29 INFO  c.e.v.s.t.m.ServiceTaskLikeMapping - TODO (OPTIONAL): adapt zeebe:taskDefinition type for Task with id=Activity_02o5fvl to select correct JobWorker
2025-04-27 11:17:29 INFO  c.e.v.s.t.mappings.UserTaskMapping - MAPPING: Task with id=Activity_0kd01d7
2025-04-27 11:17:29 INFO  c.e.v.s.t.m.FormDefinitionMapping - MAPPING: bpmn:userTask with id=Activity_0kd01d7 to zeebe:formDefinition
2025-04-27 11:17:29 INFO  c.e.v.s.t.mappings.UserTaskMapping - TODO (OPTIONAL): adapt zeebe:formDefinition type for Task with id=Activity_0kd01d7 to select correct Form for Usertask
2025-04-27 11:17:29 INFO  c.e.v.s.t.m.ServiceTaskLikeMapping - MAPPING: Task with id=Activity_18kt5uj
2025-04-27 11:17:29 INFO  c.e.v.service.TaskDefinitionMapping - MAPPING: camunda:expression ${informDriverAboutChangedTimeboxByAdministrator} into zeebe:taskDefinition
2025-04-27 11:17:29 INFO  c.e.v.service.ExpressionMapping - MAPPING: camunda:expression ${informDriverAboutChangedTimeboxByAdministrator} into FEEL Expression Language
2025-04-27 11:17:29 INFO  c.e.v.service.TaskDefinitionMapping - TODO (OPTIONAL): set retries=?? in zeebe:taskDefinition Element
2025-04-27 11:17:29 INFO  c.e.v.s.t.m.ServiceTaskLikeMapping - TODO (OPTIONAL): adapt zeebe:taskDefinition type for Task with id=Activity_18kt5uj to select correct JobWorker
2025-04-27 11:17:29 INFO  c.e.v.s.t.m.ServiceTaskLikeMapping - MAPPING: Task with id=Activity_1cp3vsj
2025-04-27 11:17:29 INFO  c.e.v.service.TaskDefinitionMapping - MAPPING: camunda:expression ${informAdministratorAboutUnconfirmedUsage} into zeebe:taskDefinition
2025-04-27 11:17:29 INFO  c.e.v.service.ExpressionMapping - MAPPING: camunda:expression ${informAdministratorAboutUnconfirmedUsage} into FEEL Expression Language
2025-04-27 11:17:29 INFO  c.e.v.service.TaskDefinitionMapping - TODO (OPTIONAL): set retries=?? in zeebe:taskDefinition Element
2025-04-27 11:17:29 INFO  c.e.v.s.t.m.ServiceTaskLikeMapping - TODO (OPTIONAL): adapt zeebe:taskDefinition type for Task with id=Activity_1cp3vsj to select correct JobWorker
2025-04-27 11:17:29 INFO  c.e.v.s.t.m.ServiceTaskLikeMapping - MAPPING: Task with id=Activity_1ifav8b
2025-04-27 11:17:29 INFO  c.e.v.service.TaskDefinitionMapping - MAPPING: camunda:expression ${informDriverAboutCancellationByAdministrator} into zeebe:taskDefinition
2025-04-27 11:17:29 INFO  c.e.v.service.ExpressionMapping - MAPPING: camunda:expression ${informDriverAboutCancellationByAdministrator} into FEEL Expression Language
2025-04-27 11:17:29 INFO  c.e.v.service.TaskDefinitionMapping - TODO (OPTIONAL): set retries=?? in zeebe:taskDefinition Element
2025-04-27 11:17:29 INFO  c.e.v.s.t.m.ServiceTaskLikeMapping - TODO (OPTIONAL): adapt zeebe:taskDefinition type for Task with id=Activity_1ifav8b to select correct JobWorker
2025-04-27 11:17:29 INFO  c.e.v.service.SequenceFlowMapping - MAPPING: bpmn:sequenceFlow with id=Flow_08m2v9o
2025-04-27 11:17:29 INFO  c.e.v.service.SequenceFlowMapping - MAPPING: bpmn:sequenceFlow with id=Flow_0pn5pyt
2025-04-27 11:17:29 INFO  c.e.v.service.SequenceFlowMapping - MAPPING: bpmn:sequenceFlow with id=Flow_1kaxr39
2025-04-27 11:17:29 INFO  c.e.v.service.SequenceFlowMapping - MAPPING: bpmn:sequenceFlow with id=Flow_1srvolf
2025-04-27 11:17:29 INFO  c.e.v.service.SequenceFlowMapping - MAPPING: bpmn:sequenceFlow with id=Flow_16tomnj
2025-04-27 11:17:29 INFO  c.e.v.service.SequenceFlowMapping - MAPPING: bpmn:sequenceFlow with id=Flow_0vpvual
2025-04-27 11:17:29 INFO  c.e.v.service.SequenceFlowMapping - MAPPING: bpmn:sequenceFlow with id=Flow_0wjrgq5
2025-04-27 11:17:29 INFO  c.e.v.service.SequenceFlowMapping - MAPPING: bpmn:sequenceFlow with id=Flow_0a542fp
2025-04-27 11:17:29 INFO  c.e.v.service.SequenceFlowMapping - MAPPING: bpmn:sequenceFlow with id=Flow_182bfos
2025-04-27 11:17:29 INFO  c.e.v.service.SequenceFlowMapping - MAPPING: bpmn:sequenceFlow with id=Flow_0ucze8h
2025-04-27 11:17:29 INFO  c.e.v.service.SequenceFlowMapping - MAPPING: bpmn:sequenceFlow with id=Flow_1ysv7e7
2025-04-27 11:17:29 INFO  c.e.v.service.SequenceFlowMapping - MAPPING: bpmn:sequenceFlow with id=Flow_1uhhnvn
2025-04-27 11:17:29 INFO  c.e.v.service.SequenceFlowMapping - MAPPING: bpmn:sequenceFlow with id=Flow_1spxycx
2025-04-27 11:17:29 INFO  c.e.v.service.SequenceFlowMapping - MAPPING: bpmn:sequenceFlow with id=Flow_1mssdbh
2025-04-27 11:17:29 INFO  c.e.v.s.event.mappings.EventMapping - MAPPING: bpmn:event with id=Event_09q5f5a
2025-04-27 11:17:29 INFO  c.e.v.s.e.mappings.ThrowEventMapping - MAPPING: bpmn:throwEvent with id=Event_09q5f5a 
2025-04-27 11:17:29 INFO  c.e.v.s.abstractmappings.NoMapping - NO MAPPING NEEDED: for element with id=Event_09q5f5a
2025-04-27 11:17:29 INFO  c.e.v.s.event.mappings.EventMapping - MAPPING: bpmn:event with id=Event_0g24ov8
2025-04-27 11:17:29 INFO  c.e.v.s.e.m.EventDefinitionMapping - MAPPING: bpmn:eventDefinition with id=EscalationEventDefinition_1ypqs3n
2025-04-27 11:17:29 INFO  c.e.v.s.abstractmappings.NoMapping - NO MAPPING NEEDED: for element with id=EscalationEventDefinition_1ypqs3n
2025-04-27 11:17:29 INFO  c.e.v.s.event.mappings.EventMapping - MAPPING: bpmn:event with id=Event_0l14mx9
2025-04-27 11:17:29 INFO  c.e.v.s.e.m.EventDefinitionMapping - MAPPING: bpmn:eventDefinition with id=MessageEventDefinition_199ljvc
2025-04-27 11:17:29 INFO  c.e.v.s.event.mappings.EventMapping - MAPPING: bpmn:event with id=Event_1anihtl
2025-04-27 11:17:29 INFO  c.e.v.s.e.m.EventDefinitionMapping - MAPPING: bpmn:eventDefinition with id=MessageEventDefinition_1ofkslq
2025-04-27 11:17:29 INFO  c.e.v.s.event.mappings.EventMapping - MAPPING: bpmn:event with id=Event_0axji4c
2025-04-27 11:17:29 INFO  c.e.v.s.e.m.EventDefinitionMapping - MAPPING: bpmn:eventDefinition with id=MessageEventDefinition_1097rfg
2025-04-27 11:17:29 INFO  c.e.v.s.event.mappings.EventMapping - MAPPING: bpmn:event with id=Event_0mtn8zp
2025-04-27 11:17:29 INFO  c.e.v.s.e.m.EventDefinitionMapping - MAPPING: bpmn:eventDefinition with id=MessageEventDefinition_15s9e83
2025-04-27 11:17:29 INFO  c.e.v.s.event.mappings.EventMapping - MAPPING: bpmn:event with id=Event_14u8d4k
2025-04-27 11:17:29 INFO  c.e.v.s.e.m.EventDefinitionMapping - MAPPING: bpmn:eventDefinition with id=MessageEventDefinition_0be1f75
2025-04-27 11:17:29 INFO  c.e.v.s.event.mappings.EventMapping - MAPPING: bpmn:event with id=Event_0yatdx0
2025-04-27 11:17:29 INFO  c.e.v.s.abstractmappings.NoMapping - NO MAPPING NEEDED: for element with id=Event_0yatdx0
2025-04-27 11:17:29 INFO  c.e.v.service.SubProcessMapping - MAPPING: <bpmn:subProcess> with id Activity_1vsbnwj
2025-04-27 11:17:29 INFO  c.e.v.service.GatewayMapping - MAPPING: bpmn:gateway with id=Gateway_04j7dtn
2025-04-27 11:17:29 INFO  c.e.v.s.abstractmappings.NoMapping - NO MAPPING NEEDED: for element with id=Gateway_04j7dtn
2025-04-27 11:17:29 INFO  c.e.v.service.SequenceFlowMapping - MAPPING: bpmn:sequenceFlow with id=Flow_18sabf4
2025-04-27 11:17:29 INFO  c.e.v.service.SequenceFlowMapping - MAPPING: bpmn:sequenceFlow with id=Flow_0k5texp
2025-04-27 11:17:29 INFO  c.e.v.service.SequenceFlowMapping - MAPPING: bpmn:sequenceFlow with id=Flow_0e84z1r
2025-04-27 11:17:29 INFO  c.e.v.service.SequenceFlowMapping - MAPPING: bpmn:sequenceFlow with id=Flow_0ivtglu
2025-04-27 11:17:29 INFO  c.e.v.service.SequenceFlowMapping - MAPPING: bpmn:sequenceFlow with id=Flow_06a8r8y
2025-04-27 11:17:29 INFO  c.e.v.service.SequenceFlowMapping - MAPPING: bpmn:sequenceFlow with id=Flow_17n7qin
2025-04-27 11:17:29 INFO  c.e.v.s.event.mappings.EventMapping - MAPPING: bpmn:event with id=Event_1sppnlo
2025-04-27 11:17:29 INFO  c.e.v.s.abstractmappings.NoMapping - NO MAPPING NEEDED: for element with id=Event_1sppnlo
2025-04-27 11:17:29 INFO  c.e.v.s.event.mappings.EventMapping - MAPPING: bpmn:event with id=Event_1vl1ufj
2025-04-27 11:17:29 INFO  c.e.v.s.e.m.EventDefinitionMapping - MAPPING: bpmn:eventDefinition with id=TimerEventDefinition_0dt0wpn
2025-04-27 11:17:29 INFO  c.e.v.service.ExpressionMapping - MAPPING: camunda:expression ${tenMinutesBeforeStart} into FEEL Expression Language
2025-04-27 11:17:29 INFO  c.e.v.s.e.m.EventDefinitionMapping - TODO (OPTIONAL): for TimerEventDefinition with id TimerEventDefinition_0dt0wpn: set output of expression '${tenMinutesBeforeStart}' as a variable in ISO8601 format and set variable as this timer events value
2025-04-27 11:17:29 INFO  c.e.v.s.event.mappings.EventMapping - MAPPING: bpmn:event with id=Event_0rn4nyc
2025-04-27 11:17:29 INFO  c.e.v.s.e.m.EventDefinitionMapping - MAPPING: bpmn:eventDefinition with id=TimerEventDefinition_14caed9
2025-04-27 11:17:29 INFO  c.e.v.service.ExpressionMapping - MAPPING: camunda:expression ${fiftyMinutesBeforeEnd} into FEEL Expression Language
2025-04-27 11:17:29 INFO  c.e.v.s.e.m.EventDefinitionMapping - TODO (OPTIONAL): for TimerEventDefinition with id TimerEventDefinition_14caed9: set output of expression '${fiftyMinutesBeforeEnd}' as a variable in ISO8601 format and set variable as this timer events value
2025-04-27 11:17:29 INFO  c.e.v.s.event.mappings.EventMapping - MAPPING: bpmn:event with id=Event_0efqkmu
2025-04-27 11:17:29 INFO  c.e.v.s.e.mappings.ThrowEventMapping - MAPPING: bpmn:throwEvent with id=Event_0efqkmu 
2025-04-27 11:17:29 INFO  c.e.v.s.abstractmappings.NoMapping - NO MAPPING NEEDED: for element with id=Event_0efqkmu
2025-04-27 11:17:29 INFO  c.e.v.s.t.m.CallActivityMapping - MAPPING : <bpmn:callActivity> with id=Activity_14qra11
2025-04-27 11:17:29 INFO  c.e.v.service.CalledElementMapping - MAPPING : properties of <bpmn:callActivity> with id=Activity_14qra11 to <zeebe:CalledElement>
2025-04-27 11:17:29 INFO  c.e.v.service.SubProcessMapping - MAPPING: <bpmn:subProcess> with id Activity_1n4mhqw
2025-04-27 11:17:29 INFO  c.e.v.s.t.m.ServiceTaskLikeMapping - MAPPING: Task with id=Activity_1a47arc
2025-04-27 11:17:29 INFO  c.e.v.service.TaskDefinitionMapping - MAPPING: camunda:expression ${remindDriverToConfirmStartOfUsage} into zeebe:taskDefinition
2025-04-27 11:17:29 INFO  c.e.v.service.ExpressionMapping - MAPPING: camunda:expression ${remindDriverToConfirmStartOfUsage} into FEEL Expression Language
2025-04-27 11:17:29 INFO  c.e.v.service.TaskDefinitionMapping - TODO (OPTIONAL): set retries=?? in zeebe:taskDefinition Element
2025-04-27 11:17:29 INFO  c.e.v.s.t.m.ServiceTaskLikeMapping - TODO (OPTIONAL): adapt zeebe:taskDefinition type for Task with id=Activity_1a47arc to select correct JobWorker
2025-04-27 11:17:29 INFO  c.e.v.service.SequenceFlowMapping - MAPPING: bpmn:sequenceFlow with id=Flow_0jznnqh
2025-04-27 11:17:29 INFO  c.e.v.service.SequenceFlowMapping - MAPPING: bpmn:sequenceFlow with id=Flow_10xofpx
2025-04-27 11:17:29 INFO  c.e.v.service.SequenceFlowMapping - MAPPING: bpmn:sequenceFlow with id=Flow_0qhzld0
2025-04-27 11:17:29 INFO  c.e.v.service.SequenceFlowMapping - MAPPING: bpmn:sequenceFlow with id=Flow_1wdsos7
2025-04-27 11:17:29 INFO  c.e.v.service.SequenceFlowMapping - MAPPING: bpmn:sequenceFlow with id=Flow_1xpj5qy
2025-04-27 11:17:29 INFO  c.e.v.s.event.mappings.EventMapping - MAPPING: bpmn:event with id=Event_02j2yvs
2025-04-27 11:17:29 INFO  c.e.v.s.abstractmappings.NoMapping - NO MAPPING NEEDED: for element with id=Event_02j2yvs
2025-04-27 11:17:29 INFO  c.e.v.s.event.mappings.EventMapping - MAPPING: bpmn:event with id=Event_13j4c6i
2025-04-27 11:17:29 INFO  c.e.v.s.e.m.EventDefinitionMapping - MAPPING: bpmn:eventDefinition with id=TimerEventDefinition_1j3xzeh
2025-04-27 11:17:29 INFO  c.e.v.s.event.mappings.EventMapping - MAPPING: bpmn:event with id=Event_0f2wfxe
2025-04-27 11:17:29 INFO  c.e.v.s.e.m.EventDefinitionMapping - MAPPING: bpmn:eventDefinition with id=TimerEventDefinition_05hww81
2025-04-27 11:17:29 INFO  c.e.v.s.event.mappings.EventMapping - MAPPING: bpmn:event with id=Event_00yzh5x
2025-04-27 11:17:29 INFO  c.e.v.s.e.mappings.ThrowEventMapping - MAPPING: bpmn:throwEvent with id=Event_00yzh5x 
2025-04-27 11:17:29 INFO  c.e.v.s.abstractmappings.NoMapping - NO MAPPING NEEDED: for element with id=Event_00yzh5x
2025-04-27 11:17:29 INFO  c.e.v.s.t.mappings.UserTaskMapping - MAPPING: Task with id=Activity_0g28igi
2025-04-27 11:17:29 INFO  c.e.v.s.t.m.FormDefinitionMapping - MAPPING: bpmn:userTask with id=Activity_0g28igi to zeebe:formDefinition
2025-04-27 11:17:29 INFO  c.e.v.s.t.mappings.UserTaskMapping - TODO (OPTIONAL): adapt zeebe:formDefinition type for Task with id=Activity_0g28igi to select correct Form for Usertask
2025-04-27 11:17:29 INFO  c.e.v.s.e.mappings.MessageMapping - MAPPING: bpmn:message with id=Message_2upsvno
2025-04-27 11:17:29 INFO  c.e.v.service.SubscriptionMapping - MAPPING: zeebe:subscription with correlationKey=AddCorrelationKey 
2025-04-27 11:17:29 INFO  c.e.v.service.SubscriptionMapping - TODO: set correlationKey=?? in zeebe:subscription Element
2025-04-27 11:17:29 INFO  c.e.v.s.e.mappings.MessageMapping - MAPPING: bpmn:message with id=Message_0l87vd6
2025-04-27 11:17:29 INFO  c.e.v.service.SubscriptionMapping - MAPPING: zeebe:subscription with correlationKey=AddCorrelationKey 
2025-04-27 11:17:29 INFO  c.e.v.service.SubscriptionMapping - TODO: set correlationKey=?? in zeebe:subscription Element
2025-04-27 11:17:29 INFO  c.e.v.s.e.mappings.MessageMapping - MAPPING: bpmn:message with id=Message_0edrp1a
2025-04-27 11:17:29 INFO  c.e.v.service.SubscriptionMapping - MAPPING: zeebe:subscription with correlationKey=AddCorrelationKey 
2025-04-27 11:17:29 INFO  c.e.v.service.SubscriptionMapping - TODO: set correlationKey=?? in zeebe:subscription Element
2025-04-27 11:17:29 INFO  c.e.v.s.e.mappings.MessageMapping - MAPPING: bpmn:message with id=Message_31cihhe
2025-04-27 11:17:29 INFO  c.e.v.service.SubscriptionMapping - MAPPING: zeebe:subscription with correlationKey=AddCorrelationKey 
2025-04-27 11:17:29 INFO  c.e.v.service.SubscriptionMapping - TODO: set correlationKey=?? in zeebe:subscription Element
2025-04-27 11:17:29 INFO  c.e.v.s.e.mappings.MessageMapping - MAPPING: bpmn:message with id=Message_3utn1jd
2025-04-27 11:17:29 INFO  c.e.v.service.SubscriptionMapping - MAPPING: zeebe:subscription with correlationKey=AddCorrelationKey 
2025-04-27 11:17:29 INFO  c.e.v.service.SubscriptionMapping - TODO: set correlationKey=?? in zeebe:subscription Element
2025-04-27 11:17:29 INFO  c.e.v.s.e.mappings.MessageMapping - MAPPING: bpmn:message with id=Message_0h3bp23
2025-04-27 11:17:29 INFO  c.e.v.service.SubscriptionMapping - MAPPING: zeebe:subscription with correlationKey=AddCorrelationKey 
2025-04-27 11:17:29 INFO  c.e.v.service.SubscriptionMapping - TODO: set correlationKey=?? in zeebe:subscription Element
2025-04-27 11:17:29 INFO  c.e.v.s.e.mappings.MessageMapping - MAPPING: bpmn:message with id=Message_1k5ff8t
2025-04-27 11:17:29 INFO  c.e.v.service.SubscriptionMapping - MAPPING: zeebe:subscription with correlationKey=AddCorrelationKey 
2025-04-27 11:17:29 INFO  c.e.v.service.SubscriptionMapping - TODO: set correlationKey=?? in zeebe:subscription Element
2025-04-27 11:17:29 INFO  c.e.v.s.e.mappings.MessageMapping - MAPPING: bpmn:message with id=Message_3vbm2e7
2025-04-27 11:17:29 INFO  c.e.v.service.SubscriptionMapping - MAPPING: zeebe:subscription with correlationKey=AddCorrelationKey 
2025-04-27 11:17:29 INFO  c.e.v.service.SubscriptionMapping - TODO: set correlationKey=?? in zeebe:subscription Element
2025-04-27 11:17:29 INFO  c.e.v.s.e.mappings.MessageMapping - MAPPING: bpmn:message with id=Message_23reesb
2025-04-27 11:17:29 INFO  c.e.v.service.SubscriptionMapping - MAPPING: zeebe:subscription with correlationKey=AddCorrelationKey 
2025-04-27 11:17:29 INFO  c.e.v.service.SubscriptionMapping - TODO: set correlationKey=?? in zeebe:subscription Element
2025-04-27 11:17:29 INFO  c.e.v.service.ErrorMapping - MAPPING: bpmn:error with id=Error_0msatxo
2025-04-27 11:17:29 INFO  c.e.v.service.ErrorMapping - WARNING: Cannot map camunda:errorMessage=null in element bpmn:error with id=Error_0msatxo
2025-04-27 11:17:29 INFO  c.e.v.s.abstractmappings.NoMapping - NO MAPPING NEEDED: for element with id=Error_0msatxo
2025-04-27 11:17:29 INFO  c.e.v.VanillaTransformerApplication - FINISHED PROCESSING FILE: src\main\resources\examples\elmo\processes\car-sharing\reservation-lifecycle.bpmn
2025-04-27 11:17:29 INFO  c.e.v.VanillaTransformerApplication - TRANSFORMED FILE WRITTEN TO: src\main\resources\examples\elmo\processes\car-sharing\reservation-lifecycle-transformed.bpmn
2025-04-27 11:17:29 INFO  o.s.b.w.e.tomcat.GracefulShutdown - Commencing graceful shutdown. Waiting for active requests to complete
2025-04-27 11:17:29 INFO  o.s.b.w.e.tomcat.GracefulShutdown - Graceful shutdown complete
