2025-04-14 12:05:18 [main] INFO  c.e.v.s.LoopCharacteristicsMapping - TODO: set InputElement=?? for zeebe:LoopCharacteristics in element with id=null
2025-04-14 12:05:18 [main] INFO  c.e.v.service.MessageMapping - MAPPING: bpmn:message with id=Message_165aq6x
2025-04-14 12:05:18 [main] INFO  c.e.v.service.SubscriptionMapping - MAPPING: zeebe:subscription with correlationKey=AddCorrelationKey 
2025-04-14 12:05:18 [main] INFO  c.e.v.service.SubscriptionMapping - TODO: set correlationKey=?? in zeebe:subscription Element
2025-04-14 12:05:18 [main] INFO  c.e.v.service.MessageMapping - MAPPING: bpmn:message with id=Message_0kd4337
2025-04-14 12:05:18 [main] INFO  c.e.v.service.SubscriptionMapping - MAPPING: zeebe:subscription with correlationKey=AddCorrelationKey 
2025-04-14 12:05:18 [main] INFO  c.e.v.service.SubscriptionMapping - TODO: set correlationKey=?? in zeebe:subscription Element
2025-04-14 12:05:18 [main] INFO  c.e.v.service.MessageMapping - MAPPING: bpmn:message with id=Message_0h5yzo1
2025-04-14 12:05:18 [main] INFO  c.e.v.service.SubscriptionMapping - MAPPING: zeebe:subscription with correlationKey=AddCorrelationKey 
2025-04-14 12:05:18 [main] INFO  c.e.v.service.SubscriptionMapping - TODO: set correlationKey=?? in zeebe:subscription Element
2025-04-14 12:05:18 [main] INFO  c.e.v.service.MessageMapping - MAPPING: bpmn:message with id=Message_0ojl2z6
2025-04-14 12:05:18 [main] INFO  c.e.v.service.SubscriptionMapping - MAPPING: zeebe:subscription with correlationKey=AddCorrelationKey 
2025-04-14 12:05:18 [main] INFO  c.e.v.service.SubscriptionMapping - TODO: set correlationKey=?? in zeebe:subscription Element
2025-04-14 12:05:18 [main] INFO  c.e.v.service.MessageMapping - MAPPING: bpmn:message with id=Message_16yuvne
2025-04-14 12:05:18 [main] INFO  c.e.v.service.SubscriptionMapping - MAPPING: zeebe:subscription with correlationKey=AddCorrelationKey 
2025-04-14 12:05:18 [main] INFO  c.e.v.service.SubscriptionMapping - TODO: set correlationKey=?? in zeebe:subscription Element
2025-04-14 12:05:18 [main] INFO  c.e.v.service.MessageMapping - MAPPING: bpmn:message with id=Message_1m48gfp
2025-04-14 12:05:18 [main] INFO  c.e.v.service.SubscriptionMapping - MAPPING: zeebe:subscription with correlationKey=AddCorrelationKey 
2025-04-14 12:05:18 [main] INFO  c.e.v.service.SubscriptionMapping - TODO: set correlationKey=?? in zeebe:subscription Element
2025-04-14 12:05:18 [main] INFO  c.e.v.service.ErrorMapping - MAPPING: bpmn:error with id=Error_1qhp7a3
2025-04-14 12:05:18 [main] INFO  c.e.v.service.ErrorMapping - WARNING: Cannot map camunda:errorMessage=null in element bpmn:error with id=Error_1qhp7a3
2025-04-14 12:05:18 [main] INFO  c.e.v.s.abstractmappings.NoMapping - NO MAPPING NEEDED: for element with id=Error_1qhp7a3
2025-04-14 12:05:18 [main] INFO  c.e.v.VanillaTransformerApplication - FINISHED PROCESSING FILE: src\main\resources\examples\taxiride-blueprint\TaxiRide-c7.bpmn
2025-04-14 12:05:18 [main] INFO  c.e.v.VanillaTransformerApplication - TRANSFORMED FILE WROTTEN TO: src\main\resources\examples\taxiride-blueprint\TaxiRide-c7-transformed.bpmn
2025-04-14 12:05:18 [main] INFO  c.e.v.VanillaTransformerApplication - PROCESSING FILE: src\main\resources\examples\taxiride-blueprint\TaxiRide-c8.bpmn
2025-04-14 12:05:18 [main] INFO  c.e.v.service.DefinitionMapping - MAPPING: <bpmn:definitions>
2025-04-14 12:05:18 [main] INFO  c.e.v.service.DefinitionMapping - MAPPING: Execution Plattform Camunda Cloud -> Camunda Cloud
2025-04-14 12:05:18 [main] INFO  c.e.v.service.DefinitionMapping - MAPPING: Execution Plattform Version 8.0.0 -> 8.6.0
2025-04-14 12:05:18 [main] INFO  c.e.v.service.RootProcessMapping - MAPPING: <bpmn:process>
2025-04-14 12:05:18 [main] INFO  c.e.v.service.GatewayMapping - MAPPING: bpmn:gateway with id=Gateway_0s3sbcj
2025-04-14 12:05:18 [main] INFO  c.e.v.s.abstractmappings.NoMapping - NO MAPPING NEEDED: for element with id=Gateway_0s3sbcj
2025-04-14 12:05:18 [main] INFO  c.e.v.service.GatewayMapping - MAPPING: bpmn:gateway with id=Gateway_0pdq6wo
2025-04-14 12:05:18 [main] INFO  c.e.v.s.abstractmappings.NoMapping - NO MAPPING NEEDED: for element with id=Gateway_0pdq6wo
2025-04-14 12:05:18 [main] INFO  c.e.v.service.GatewayMapping - MAPPING: bpmn:gateway with id=Gateway_10z6zz7
2025-04-14 12:05:18 [main] INFO  c.e.v.s.abstractmappings.NoMapping - NO MAPPING NEEDED: for element with id=Gateway_10z6zz7
2025-04-14 12:05:18 [main] INFO  c.e.v.service.GatewayMapping - MAPPING: bpmn:gateway with id=Gateway_1pd2ixx
2025-04-14 12:05:18 [main] INFO  c.e.v.s.abstractmappings.NoMapping - NO MAPPING NEEDED: for element with id=Gateway_1pd2ixx
2025-04-14 12:05:18 [main] INFO  c.e.v.service.ServiceTaskLikeMapping - MAPPING: Task with id=Activity_16rijgh
2025-04-14 12:05:18 [main] INFO  c.e.v.service.ServiceTaskLikeMapping - TODO: no task definition found for ServiceTaskLike Task with id=Activity_16rijgh - No mapping performed
2025-04-14 12:05:18 [main] INFO  c.e.v.service.ServiceTaskLikeMapping - MAPPING: Task with id=CancelNotRequiredRide
2025-04-14 12:05:18 [main] INFO  c.e.v.s.LoopCharacteristicsMapping - MAPPING: LoopCharacteristics with id=null
2025-04-14 12:05:18 [main] INFO  c.e.v.service.ExpressionMapping - MAPPING: camunda:expression ${unselectedOffers} into FEEL Expression Language
2025-04-14 12:05:18 [main] INFO  c.e.v.s.LoopCharacteristicsMapping - TODO: set InputElement=?? for zeebe:LoopCharacteristics in element with id=null
2025-04-14 12:05:18 [main] INFO  c.e.v.service.ServiceTaskLikeMapping - TODO: no task definition found for ServiceTaskLike Task with id=CancelNotRequiredRide - No mapping performed
2025-04-14 12:05:18 [main] INFO  c.e.v.service.ServiceTaskLikeMapping - MAPPING: Task with id=Activity_1f23xe8
2025-04-14 12:05:18 [main] INFO  c.e.v.service.ServiceTaskLikeMapping - TODO: no task definition found for ServiceTaskLike Task with id=Activity_1f23xe8 - No mapping performed
2025-04-14 12:05:18 [main] INFO  c.e.v.service.ServiceTaskLikeMapping - MAPPING: Task with id=Activity_1y9djoc
2025-04-14 12:05:18 [main] INFO  c.e.v.service.ServiceTaskLikeMapping - TODO: no task definition found for ServiceTaskLike Task with id=Activity_1y9djoc - No mapping performed
2025-04-14 12:05:18 [main] INFO  c.e.v.service.ServiceTaskLikeMapping - MAPPING: Task with id=Activity_0fcbu5z
2025-04-14 12:05:18 [main] INFO  c.e.v.service.ServiceTaskLikeMapping - TODO: no task definition found for ServiceTaskLike Task with id=Activity_0fcbu5z - No mapping performed
2025-04-14 12:05:18 [main] INFO  c.e.v.service.ServiceTaskLikeMapping - MAPPING: Task with id=Activity_1h1dw1m
2025-04-14 12:05:18 [main] INFO  c.e.v.service.ServiceTaskLikeMapping - TODO: no task definition found for ServiceTaskLike Task with id=Activity_1h1dw1m - No mapping performed
2025-04-14 12:05:18 [main] INFO  c.e.v.service.ServiceTaskLikeMapping - MAPPING: Task with id=Activity_177di5o
2025-04-14 12:05:18 [main] INFO  c.e.v.service.ServiceTaskLikeMapping - TODO: no task definition found for ServiceTaskLike Task with id=Activity_177di5o - No mapping performed
2025-04-14 12:05:18 [main] INFO  c.e.v.service.SequenceFlowMapping - MAPPING: bpmn:sequenceFlow with id=Flow_06mhahk
2025-04-14 12:05:18 [main] INFO  c.e.v.service.SequenceFlowMapping - MAPPING: bpmn:sequenceFlow with id=Flow_1ycx8oz
2025-04-14 12:05:18 [main] INFO  c.e.v.service.ExpressionMapping - MAPPING: camunda:expression = noRideAvailable into FEEL Expression Language
2025-04-14 12:05:18 [main] INFO  c.e.v.service.SequenceFlowMapping - MAPPING: bpmn:sequenceFlow with id=Flow_1jrkydw
2025-04-14 12:05:18 [main] INFO  c.e.v.service.SequenceFlowMapping - MAPPING: bpmn:sequenceFlow with id=Flow_0xf4hqi
2025-04-14 12:05:18 [main] INFO  c.e.v.service.SequenceFlowMapping - MAPPING: bpmn:sequenceFlow with id=Flow_1tggrop
2025-04-14 12:05:18 [main] INFO  c.e.v.service.SequenceFlowMapping - MAPPING: bpmn:sequenceFlow with id=Flow_09skpvl
2025-04-14 12:05:18 [main] INFO  c.e.v.service.SequenceFlowMapping - MAPPING: bpmn:sequenceFlow with id=Flow_1c2kiye
2025-04-14 12:05:18 [main] INFO  c.e.v.service.SequenceFlowMapping - MAPPING: bpmn:sequenceFlow with id=Flow_0nvdf2y
2025-04-14 12:05:18 [main] INFO  c.e.v.service.SequenceFlowMapping - MAPPING: bpmn:sequenceFlow with id=Flow_00nqxo6
2025-04-14 12:05:18 [main] INFO  c.e.v.service.SequenceFlowMapping - MAPPING: bpmn:sequenceFlow with id=Flow_0yru6nl
2025-04-14 12:05:18 [main] INFO  c.e.v.service.SequenceFlowMapping - MAPPING: bpmn:sequenceFlow with id=Flow_0lk1jot
2025-04-14 12:05:18 [main] INFO  c.e.v.service.SequenceFlowMapping - MAPPING: bpmn:sequenceFlow with id=Flow_0ps7rna
2025-04-14 12:05:18 [main] INFO  c.e.v.service.SequenceFlowMapping - MAPPING: bpmn:sequenceFlow with id=Flow_1jjtksb
2025-04-14 12:05:18 [main] INFO  c.e.v.service.SequenceFlowMapping - MAPPING: bpmn:sequenceFlow with id=Flow_0hyeosq
2025-04-14 12:05:18 [main] INFO  c.e.v.service.ExpressionMapping - MAPPING: camunda:expression = customerCharged = false into FEEL Expression Language
2025-04-14 12:05:18 [main] INFO  c.e.v.service.SequenceFlowMapping - MAPPING: bpmn:sequenceFlow with id=Flow_0kvl7x1
2025-04-14 12:05:18 [main] INFO  c.e.v.service.SequenceFlowMapping - MAPPING: bpmn:sequenceFlow with id=Flow_1jwfi8y
2025-04-14 12:05:18 [main] INFO  c.e.v.service.ExpressionMapping - MAPPING: camunda:expression =customerCharged into FEEL Expression Language
2025-04-14 12:05:18 [main] INFO  c.e.v.service.SequenceFlowMapping - MAPPING: bpmn:sequenceFlow with id=Flow_1vbjv8l
2025-04-14 12:05:18 [main] INFO  c.e.v.service.SequenceFlowMapping - MAPPING: bpmn:sequenceFlow with id=Flow_010nyrk
2025-04-14 12:05:18 [main] INFO  c.e.v.service.SequenceFlowMapping - MAPPING: bpmn:sequenceFlow with id=Flow_1mj6or5
2025-04-14 12:05:18 [main] INFO  c.e.v.service.SequenceFlowMapping - MAPPING: bpmn:sequenceFlow with id=Flow_0evuzug
2025-04-14 12:05:18 [main] INFO  c.e.v.service.EventMapping - MAPPING: bpmn:event with id=Event_0jpj0lo
2025-04-14 12:05:18 [main] INFO  c.e.v.service.EventDefinitionMapping - MAPPING: bpmn:eventDefinition with id=MessageEventDefinition_1ai0b3d
2025-04-14 12:05:18 [main] INFO  c.e.v.service.EventDefinitionMapping - MAPPING MISSING: bpmn:messageEventDefinition with id=MessageEventDefinition_1ai0b3d
2025-04-14 12:05:18 [main] INFO  c.e.v.service.EventDefinitionMapping - TODO: manually map bpmn:messageEventDefinition with id=MessageEventDefinition_1ai0b3d
2025-04-14 12:05:18 [main] INFO  c.e.v.service.EventMapping - MAPPING: bpmn:event with id=Event_1ugsirj
2025-04-14 12:05:18 [main] INFO  c.e.v.s.abstractmappings.NoMapping - NO MAPPING NEEDED: for element with id=Event_1ugsirj
2025-04-14 12:05:18 [main] INFO  c.e.v.service.EventMapping - MAPPING: bpmn:event with id=Event_0oz89vh
2025-04-14 12:05:18 [main] INFO  c.e.v.service.EventDefinitionMapping - MAPPING: bpmn:eventDefinition with id=ErrorEventDefinition_1i5xc5j
2025-04-14 12:05:18 [main] INFO  c.e.v.s.abstractmappings.NoMapping - NO MAPPING NEEDED: for element with id=ErrorEventDefinition_1i5xc5j
2025-04-14 12:05:18 [main] INFO  c.e.v.service.EventMapping - MAPPING: bpmn:event with id=Event_0cz03h3
2025-04-14 12:05:18 [main] INFO  c.e.v.s.abstractmappings.NoMapping - NO MAPPING NEEDED: for element with id=Event_0cz03h3
2025-04-14 12:05:18 [main] INFO  c.e.v.service.EventMapping - MAPPING: bpmn:event with id=Event_0j8pql0
2025-04-14 12:05:18 [main] INFO  c.e.v.s.abstractmappings.NoMapping - NO MAPPING NEEDED: for element with id=Event_0j8pql0
2025-04-14 12:05:18 [main] INFO  c.e.v.service.EventMapping - MAPPING: bpmn:event with id=Event_0zszlkp
2025-04-14 12:05:18 [main] INFO  c.e.v.s.abstractmappings.NoMapping - NO MAPPING NEEDED: for element with id=Event_0zszlkp
2025-04-14 12:05:18 [main] INFO  c.e.v.service.SubProcessMapping - MAPPING: <bpmn:subProcess> with id Activity_0zz2mjn
2025-04-14 12:05:18 [main] INFO  c.e.v.service.ServiceTaskLikeMapping - MAPPING: Task with id=CancelNotRequiredRideOnAbort
2025-04-14 12:05:18 [main] INFO  c.e.v.s.LoopCharacteristicsMapping - MAPPING: LoopCharacteristics with id=null
2025-04-14 12:05:18 [main] INFO  c.e.v.service.ExpressionMapping - MAPPING: camunda:expression ${allOffers} into FEEL Expression Language
2025-04-14 12:05:18 [main] INFO  c.e.v.s.LoopCharacteristicsMapping - TODO: set InputElement=?? for zeebe:LoopCharacteristics in element with id=null
2025-04-14 12:05:18 [main] INFO  c.e.v.service.ServiceTaskLikeMapping - TODO: no task definition found for ServiceTaskLike Task with id=CancelNotRequiredRideOnAbort - No mapping performed
2025-04-14 12:05:18 [main] INFO  c.e.v.service.SequenceFlowMapping - MAPPING: bpmn:sequenceFlow with id=Flow_1yjc09p
2025-04-14 12:05:18 [main] INFO  c.e.v.service.SequenceFlowMapping - MAPPING: bpmn:sequenceFlow with id=Flow_0lgruv2
2025-04-14 12:05:18 [main] INFO  c.e.v.service.EventMapping - MAPPING: bpmn:event with id=Event_0jla2bq
2025-04-14 12:05:18 [main] INFO  c.e.v.service.EventDefinitionMapping - MAPPING: bpmn:eventDefinition with id=MessageEventDefinition_134rsvv
2025-04-14 12:05:18 [main] INFO  c.e.v.service.EventDefinitionMapping - MAPPING MISSING: bpmn:messageEventDefinition with id=MessageEventDefinition_134rsvv
2025-04-14 12:05:18 [main] INFO  c.e.v.service.EventDefinitionMapping - TODO: manually map bpmn:messageEventDefinition with id=MessageEventDefinition_134rsvv
2025-04-14 12:05:18 [main] INFO  c.e.v.service.EventMapping - MAPPING: bpmn:event with id=Event_1eldft7
2025-04-14 12:05:18 [main] INFO  c.e.v.s.abstractmappings.NoMapping - NO MAPPING NEEDED: for element with id=Event_1eldft7
2025-04-14 12:05:18 [main] INFO  c.e.v.service.SubProcessMapping - MAPPING: <bpmn:subProcess> with id RequestRideOffer
2025-04-14 12:05:18 [main] INFO  c.e.v.service.ServiceTaskLikeMapping - MAPPING: Task with id=Activity_1vse2bh
2025-04-14 12:05:18 [main] INFO  c.e.v.service.ServiceTaskLikeMapping - TODO: no task definition found for ServiceTaskLike Task with id=Activity_1vse2bh - No mapping performed
2025-04-14 12:05:18 [main] INFO  c.e.v.s.BusinessRuleTaskMapping - MAPPING: Task with id=Activity_0avhaum
2025-04-14 12:05:48 [main] INFO  c.e.v.VanillaTransformerApplication - Starting VanillaTransformerApplication using Java 17.0.12 with PID 10464 (C:\Users\sunaridr\Documents\STUDIUM\project\vanilla-transformer\target\classes started by sunaridr in C:\Users\sunaridr\Documents\STUDIUM\project\vanilla-transformer)
2025-04-14 12:05:48 [main] DEBUG c.e.v.VanillaTransformerApplication - Running with Spring Boot v3.4.0, Spring v6.2.0
2025-04-14 12:05:48 [main] INFO  c.e.v.VanillaTransformerApplication - No active profile set, falling back to 1 default profile: "default"
2025-04-14 12:05:49 [main] INFO  c.e.v.VanillaTransformerApplication - Started VanillaTransformerApplication in 1.518 seconds (process running for 2.275)
2025-04-14 12:05:50 [main] INFO  c.e.v.VanillaTransformerApplication - PROCESSING FILE: src\main\resources\examples\taxiride-blueprint\TaxiRide-c7.bpmn
2025-04-14 12:05:50 [main] INFO  c.e.v.service.DefinitionMapping - MAPPING: <bpmn:definitions>
2025-04-14 12:05:50 [main] INFO  c.e.v.service.DefinitionMapping - MAPPING: Execution Plattform Camunda Platform -> Camunda Cloud
2025-04-14 12:05:50 [main] INFO  c.e.v.service.DefinitionMapping - MAPPING: Execution Plattform Version 7.15.0 -> 8.6.0
2025-04-14 12:05:50 [main] INFO  c.e.v.service.RootProcessMapping - MAPPING: <bpmn:process>
2025-04-14 12:05:50 [main] INFO  c.e.v.service.SequenceFlowMapping - MAPPING: bpmn:sequenceFlow with id=Flow_0ovwx5k
2025-04-14 12:05:50 [main] INFO  c.e.v.service.SequenceFlowMapping - MAPPING: bpmn:sequenceFlow with id=Flow_1oq0kyq
2025-04-14 12:05:50 [main] INFO  c.e.v.service.SequenceFlowMapping - MAPPING: bpmn:sequenceFlow with id=Flow_155jvmv
2025-04-14 12:05:50 [main] INFO  c.e.v.service.SequenceFlowMapping - MAPPING: bpmn:sequenceFlow with id=Flow_0ku8ptp
2025-04-14 12:05:50 [main] INFO  c.e.v.service.SequenceFlowMapping - MAPPING: bpmn:sequenceFlow with id=Flow_1mzsmm0
2025-04-14 12:05:50 [main] INFO  c.e.v.service.SequenceFlowMapping - MAPPING: bpmn:sequenceFlow with id=Flow_0wtxgny
2025-04-14 12:05:50 [main] INFO  c.e.v.service.SequenceFlowMapping - MAPPING: bpmn:sequenceFlow with id=Flow_0muywaw
2025-04-14 12:05:50 [main] INFO  c.e.v.service.SequenceFlowMapping - MAPPING: bpmn:sequenceFlow with id=Flow_1xzvzxu
2025-04-14 12:05:50 [main] INFO  c.e.v.service.EventMapping - MAPPING: bpmn:event with id=Event_1pgcck8
2025-04-14 12:05:50 [main] INFO  c.e.v.service.EventDefinitionMapping - MAPPING: bpmn:eventDefinition with id=MessageEventDefinition_1sjjdch
2025-04-14 12:05:50 [main] INFO  c.e.v.service.EventDefinitionMapping - MAPPING MISSING: bpmn:messageEventDefinition with id=MessageEventDefinition_1sjjdch
2025-04-14 12:05:50 [main] INFO  c.e.v.service.EventDefinitionMapping - TODO: manually map bpmn:messageEventDefinition with id=MessageEventDefinition_1sjjdch
2025-04-14 12:05:50 [main] INFO  c.e.v.service.EventMapping - MAPPING: bpmn:event with id=Event_1cj7q6s
2025-04-14 12:05:50 [main] INFO  c.e.v.s.abstractmappings.NoMapping - NO MAPPING NEEDED: for element with id=Event_1cj7q6s
2025-04-14 12:05:50 [main] INFO  c.e.v.service.EventMapping - MAPPING: bpmn:event with id=Event_0newnng
2025-04-14 12:05:50 [main] INFO  c.e.v.s.abstractmappings.NoMapping - NO MAPPING NEEDED: for element with id=Event_0newnng
2025-04-14 12:05:50 [main] INFO  c.e.v.service.EventMapping - MAPPING: bpmn:event with id=Event_00z0hvw
2025-04-14 12:05:50 [main] INFO  c.e.v.s.abstractmappings.NoMapping - NO MAPPING NEEDED: for element with id=Event_00z0hvw
2025-04-14 12:05:50 [main] INFO  c.e.v.service.EventMapping - MAPPING: bpmn:event with id=Event_0yqohdb
2025-04-14 12:05:50 [main] INFO  c.e.v.service.EventDefinitionMapping - MAPPING: bpmn:eventDefinition with id=MessageEventDefinition_1aa10ci
2025-04-14 12:05:50 [main] INFO  c.e.v.service.EventDefinitionMapping - MAPPING MISSING: bpmn:messageEventDefinition with id=MessageEventDefinition_1aa10ci
2025-04-14 12:05:50 [main] INFO  c.e.v.service.EventDefinitionMapping - TODO: manually map bpmn:messageEventDefinition with id=MessageEventDefinition_1aa10ci
2025-04-14 12:05:50 [main] INFO  c.e.v.service.EventMapping - MAPPING: bpmn:event with id=Event_1g959d7
2025-04-14 12:05:50 [main] INFO  c.e.v.service.EventDefinitionMapping - MAPPING: bpmn:eventDefinition with id=ConditionalEventDefinition_1e8zvap
2025-04-14 12:05:50 [main] INFO  c.e.v.s.abstractmappings.NoMapping - NO MAPPING NEEDED: for element with id=ConditionalEventDefinition_1e8zvap
2025-04-14 12:05:50 [main] INFO  c.e.v.service.EventMapping - MAPPING: bpmn:event with id=Event_162g6jh
2025-04-14 12:05:50 [main] INFO  c.e.v.service.EventDefinitionMapping - MAPPING: bpmn:eventDefinition with id=MessageEventDefinition_1ve94k8
2025-04-14 12:05:50 [main] INFO  c.e.v.service.EventDefinitionMapping - MAPPING MISSING: bpmn:messageEventDefinition with id=MessageEventDefinition_1ve94k8
2025-04-14 12:05:50 [main] INFO  c.e.v.service.EventDefinitionMapping - TODO: manually map bpmn:messageEventDefinition with id=MessageEventDefinition_1ve94k8
2025-04-14 12:05:50 [main] INFO  c.e.v.service.EventMapping - MAPPING: bpmn:event with id=Event_0232bfs
2025-04-14 12:05:50 [main] INFO  c.e.v.s.abstractmappings.NoMapping - NO MAPPING NEEDED: for element with id=Event_0232bfs
2025-04-14 12:05:50 [main] INFO  c.e.v.service.SubProcessMapping - MAPPING: <bpmn:subProcess> with id Activity_0lccwp0
2025-04-14 12:05:50 [main] INFO  c.e.v.service.SequenceFlowMapping - MAPPING: bpmn:sequenceFlow with id=Flow_0exo6z1
2025-04-14 12:05:50 [main] INFO  c.e.v.service.SequenceFlowMapping - MAPPING: bpmn:sequenceFlow with id=Flow_0w4tg2y
2025-04-14 12:05:50 [main] INFO  c.e.v.service.SequenceFlowMapping - MAPPING: bpmn:sequenceFlow with id=Flow_0ogsqgs
2025-04-14 12:05:50 [main] INFO  c.e.v.service.EventMapping - MAPPING: bpmn:event with id=Event_14smywu
2025-04-14 12:05:50 [main] INFO  c.e.v.s.abstractmappings.NoMapping - NO MAPPING NEEDED: for element with id=Event_14smywu
2025-04-14 12:05:50 [main] INFO  c.e.v.service.EventMapping - MAPPING: bpmn:event with id=Event_0dv0g8j
2025-04-14 12:05:50 [main] INFO  c.e.v.service.EventDefinitionMapping - MAPPING: bpmn:eventDefinition with id=TimerEventDefinition_1n1kufn
2025-04-14 12:05:50 [main] INFO  c.e.v.service.EventMapping - MAPPING: bpmn:event with id=Event_1fcv8gc
2025-04-14 12:05:50 [main] INFO  c.e.v.s.abstractmappings.NoMapping - NO MAPPING NEEDED: for element with id=Event_1fcv8gc
2025-04-14 12:05:50 [main] INFO  c.e.v.service.EventMapping - MAPPING: bpmn:event with id=Event_0ybpouc
2025-04-14 12:05:50 [main] INFO  c.e.v.service.EventDefinitionMapping - MAPPING: bpmn:eventDefinition with id=ConditionalEventDefinition_0lvmueg
2025-04-14 12:05:50 [main] INFO  c.e.v.s.abstractmappings.NoMapping - NO MAPPING NEEDED: for element with id=ConditionalEventDefinition_0lvmueg
2025-04-14 12:05:50 [main] INFO  c.e.v.service.RootProcessMapping - MAPPING: <bpmn:process>
2025-04-14 12:05:50 [main] INFO  c.e.v.service.GatewayMapping - MAPPING: bpmn:gateway with id=Gateway_0s3sbcj
2025-04-14 12:05:50 [main] INFO  c.e.v.s.abstractmappings.NoMapping - NO MAPPING NEEDED: for element with id=Gateway_0s3sbcj
2025-04-14 12:05:50 [main] INFO  c.e.v.service.GatewayMapping - MAPPING: bpmn:gateway with id=Gateway_0pdq6wo
2025-04-14 12:05:50 [main] INFO  c.e.v.s.abstractmappings.NoMapping - NO MAPPING NEEDED: for element with id=Gateway_0pdq6wo
2025-04-14 12:05:50 [main] INFO  c.e.v.service.GatewayMapping - MAPPING: bpmn:gateway with id=Gateway_10z6zz7
2025-04-14 12:05:50 [main] INFO  c.e.v.s.abstractmappings.NoMapping - NO MAPPING NEEDED: for element with id=Gateway_10z6zz7
2025-04-14 12:05:50 [main] INFO  c.e.v.service.GatewayMapping - MAPPING: bpmn:gateway with id=Gateway_1pd2ixx
2025-04-14 12:05:50 [main] INFO  c.e.v.s.abstractmappings.NoMapping - NO MAPPING NEEDED: for element with id=Gateway_1pd2ixx
2025-04-14 12:05:50 [main] INFO  c.e.v.service.ServiceTaskLikeMapping - MAPPING: Task with id=Activity_16rijgh
2025-04-14 12:05:50 [main] INFO  c.e.v.service.TaskDefinitionMapping - MAPPING: camunda:delegateExpression ${determinePotentialDrivers} into zeebe:taskDefinition
2025-04-14 12:05:50 [main] INFO  c.e.v.service.TaskDefinitionMapping - MAPPING: bpmn:delegateExpression ${determinePotentialDrivers} into zeebe:taskDefinition
2025-04-14 12:05:50 [main] INFO  c.e.v.service.ExpressionMapping - MAPPING: camunda:expression ${determinePotentialDrivers} into FEEL Expression Language
2025-04-14 12:05:50 [main] INFO  c.e.v.service.TaskDefinitionMapping - TODO (OPTIONAL): set retries=?? in zeebe:taskDefinition Element
2025-04-14 12:05:50 [main] INFO  c.e.v.service.ServiceTaskLikeMapping - TODO (OPTIONAL): adapt zeebe:taskDefinition type for Task with id=Activity_16rijgh to select correct JobWorker
2025-04-14 12:05:50 [main] INFO  c.e.v.service.ServiceTaskLikeMapping - MAPPING: Task with id=CancelNotRequiredRide
2025-04-14 12:05:50 [main] INFO  c.e.v.s.LoopCharacteristicsMapping - MAPPING: LoopCharacteristics with id=null
2025-04-14 12:05:50 [main] INFO  c.e.v.service.ExpressionMapping - MAPPING: camunda:expression ${unselectedOffers} into FEEL Expression Language
