2025-04-14 11:58:01 [main] INFO  c.e.v.service.SubProcessMapping - MAPPING: <bpmn:subProcess> with id RequestRideOffer
2025-04-14 11:58:01 [main] INFO  c.e.v.service.ServiceTaskLikeMapping - MAPPING: Task with id=Activity_1vse2bh
2025-04-14 11:58:01 [main] INFO  c.e.v.service.TaskDefinitionMapping - MAPPING: camunda:delegateExpression ${requestRideOfferFromDriver} into zeebe:taskDefinition
2025-04-14 11:58:01 [main] INFO  c.e.v.service.TaskDefinitionMapping - MAPPING: bpmn:delegateExpression ${requestRideOfferFromDriver} into zeebe:taskDefinition
2025-04-14 11:58:01 [main] INFO  c.e.v.service.ExpressionMapping - MAPPING: camunda:expression ${requestRideOfferFromDriver} into FEEL Expression Language
2025-04-14 11:58:01 [main] INFO  c.e.v.service.TaskDefinitionMapping - TODO (OPTIONAL): set retries=?? in zeebe:taskDefinition Element
2025-04-14 11:58:01 [main] INFO  c.e.v.service.ServiceTaskLikeMapping - TODO (OPTIONAL): adapt zeebe:taskDefinition type for Task with id=Activity_1vse2bh to select correct JobWorker
2025-04-14 11:58:01 [main] INFO  c.e.v.s.BusinessRuleTaskMapping - MAPPING: Task with id=Activity_0avhaum
2025-04-14 11:58:01 [main] INFO  c.e.v.service.ServiceTaskLikeMapping - MAPPING: Task with id=Activity_0avhaum
2025-04-14 11:58:01 [main] INFO  c.e.v.service.TaskDefinitionMapping - MAPPING: camunda:delegateExpression ${scoreOfferOfDriver} into zeebe:taskDefinition
2025-04-14 11:58:01 [main] INFO  c.e.v.service.TaskDefinitionMapping - MAPPING: bpmn:delegateExpression ${scoreOfferOfDriver} into zeebe:taskDefinition
2025-04-14 11:58:01 [main] INFO  c.e.v.service.ExpressionMapping - MAPPING: camunda:expression ${scoreOfferOfDriver} into FEEL Expression Language
2025-04-14 11:58:01 [main] INFO  c.e.v.service.TaskDefinitionMapping - TODO (OPTIONAL): set retries=?? in zeebe:taskDefinition Element
2025-04-14 11:58:01 [main] INFO  c.e.v.service.ServiceTaskLikeMapping - TODO (OPTIONAL): adapt zeebe:taskDefinition type for Task with id=Activity_0avhaum to select correct JobWorker
2025-04-14 11:58:01 [main] INFO  c.e.v.service.SequenceFlowMapping - MAPPING: bpmn:sequenceFlow with id=Flow_0sgzbt9
2025-04-14 11:58:01 [main] INFO  c.e.v.service.SequenceFlowMapping - MAPPING: bpmn:sequenceFlow with id=Flow_0qbhobz
2025-04-14 11:58:01 [main] INFO  c.e.v.service.SequenceFlowMapping - MAPPING: bpmn:sequenceFlow with id=Flow_1rr9oqp
2025-04-14 11:58:01 [main] INFO  c.e.v.service.SequenceFlowMapping - MAPPING: bpmn:sequenceFlow with id=Flow_1yrnd67
2025-04-14 11:58:01 [main] INFO  c.e.v.service.SequenceFlowMapping - MAPPING: bpmn:sequenceFlow with id=Flow_1su9seo
2025-04-14 11:58:01 [main] INFO  c.e.v.service.EventMapping - MAPPING: bpmn:event with id=Event_085bfug
2025-04-14 11:58:01 [main] INFO  c.e.v.s.abstractmappings.NoMapping - NO MAPPING NEEDED: for element with id=Event_085bfug
2025-04-14 11:58:01 [main] INFO  c.e.v.service.EventMapping - MAPPING: bpmn:event with id=Event_10kc3kc
2025-04-14 11:58:01 [main] INFO  c.e.v.s.abstractmappings.NoMapping - NO MAPPING NEEDED: for element with id=Event_10kc3kc
2025-04-14 11:58:01 [main] INFO  c.e.v.service.EventMapping - MAPPING: bpmn:event with id=Event_01ckd5n
2025-04-14 11:58:01 [main] INFO  c.e.v.service.EventDefinitionMapping - MAPPING: bpmn:eventDefinition with id=TimerEventDefinition_0cuzrxd
2025-04-14 11:58:01 [main] INFO  c.e.v.service.EventDefinitionMapping - TODO: for TimerEventDefinition with id TimerEventDefinition_0cuzrxd: set output of expression '${offeringDeadline}' as a variable in ISO8601 format and set variable as this timer events value
2025-04-14 11:58:01 [main] INFO  c.e.v.service.EventMapping - MAPPING: bpmn:event with id=Event_0qn3ukk
2025-04-14 11:58:01 [main] INFO  c.e.v.service.EventDefinitionMapping - MAPPING: bpmn:eventDefinition with id=MessageEventDefinition_034zqie
2025-04-14 11:58:01 [main] INFO  c.e.v.service.EventDefinitionMapping - MAPPING MISSING: bpmn:messageEventDefinition with id=MessageEventDefinition_034zqie
2025-04-14 11:58:01 [main] INFO  c.e.v.service.EventDefinitionMapping - TODO: manually map bpmn:messageEventDefinition with id=MessageEventDefinition_034zqie
