2025-04-14 12:02:25 [main] INFO  c.e.v.VanillaTransformerApplication - Starting VanillaTransformerApplication using Java 17.0.12 with PID 3280 (C:\Users\sunaridr\Documents\STUDIUM\project\vanilla-transformer\target\classes started by sunaridr in C:\Users\sunaridr\Documents\STUDIUM\project\vanilla-transformer)
2025-04-14 12:02:25 [main] DEBUG c.e.v.VanillaTransformerApplication - Running with Spring Boot v3.4.0, Spring v6.2.0
2025-04-14 12:02:25 [main] INFO  c.e.v.VanillaTransformerApplication - No active profile set, falling back to 1 default profile: "default"
2025-04-14 12:02:26 [main] INFO  c.e.v.VanillaTransformerApplication - Started VanillaTransformerApplication in 1.323 seconds (process running for 1.903)
2025-04-14 12:02:26 [main] INFO  c.e.v.VanillaTransformerApplication - PROCESSING FILE: src\main\resources\examples\taxiride-blueprint\TaxiRide-c7.bpmn
2025-04-14 12:02:26 [main] INFO  c.e.v.service.DefinitionMapping - MAPPING: <bpmn:definitions>
2025-04-14 12:02:26 [main] INFO  c.e.v.service.DefinitionMapping - MAPPING: Execution Plattform Camunda Platform -> Camunda Cloud
2025-04-14 12:02:26 [main] INFO  c.e.v.service.DefinitionMapping - MAPPING: Execution Plattform Version 7.15.0 -> 8.6.0
2025-04-14 12:02:26 [main] INFO  c.e.v.service.RootProcessMapping - MAPPING: <bpmn:process>
2025-04-14 12:02:26 [main] INFO  c.e.v.service.SequenceFlowMapping - MAPPING: bpmn:sequenceFlow with id=Flow_0ovwx5k
2025-04-14 12:02:26 [main] INFO  c.e.v.service.SequenceFlowMapping - MAPPING: bpmn:sequenceFlow with id=Flow_1oq0kyq
2025-04-14 12:02:26 [main] INFO  c.e.v.service.SequenceFlowMapping - MAPPING: bpmn:sequenceFlow with id=Flow_155jvmv
2025-04-14 12:02:26 [main] INFO  c.e.v.service.SequenceFlowMapping - MAPPING: bpmn:sequenceFlow with id=Flow_0ku8ptp
2025-04-14 12:02:26 [main] INFO  c.e.v.service.SequenceFlowMapping - MAPPING: bpmn:sequenceFlow with id=Flow_1mzsmm0
2025-04-14 12:02:26 [main] INFO  c.e.v.service.SequenceFlowMapping - MAPPING: bpmn:sequenceFlow with id=Flow_0wtxgny
2025-04-14 12:02:26 [main] INFO  c.e.v.service.SequenceFlowMapping - MAPPING: bpmn:sequenceFlow with id=Flow_0muywaw
2025-04-14 12:02:26 [main] INFO  c.e.v.service.SequenceFlowMapping - MAPPING: bpmn:sequenceFlow with id=Flow_1xzvzxu
2025-04-14 12:02:26 [main] INFO  c.e.v.service.EventMapping - MAPPING: bpmn:event with id=Event_1pgcck8
2025-04-14 12:02:26 [main] INFO  c.e.v.service.EventDefinitionMapping - MAPPING: bpmn:eventDefinition with id=MessageEventDefinition_1sjjdch
2025-04-14 12:02:26 [main] INFO  c.e.v.service.EventDefinitionMapping - MAPPING MISSING: bpmn:messageEventDefinition with id=MessageEventDefinition_1sjjdch
2025-04-14 12:02:26 [main] INFO  c.e.v.service.EventDefinitionMapping - TODO: manually map bpmn:messageEventDefinition with id=MessageEventDefinition_1sjjdch
2025-04-14 12:02:26 [main] INFO  c.e.v.service.EventMapping - MAPPING: bpmn:event with id=Event_1cj7q6s
2025-04-14 12:02:26 [main] INFO  c.e.v.s.abstractmappings.NoMapping - NO MAPPING NEEDED: for element with id=Event_1cj7q6s
2025-04-14 12:02:26 [main] INFO  c.e.v.service.EventMapping - MAPPING: bpmn:event with id=Event_0newnng
2025-04-14 12:02:26 [main] INFO  c.e.v.s.abstractmappings.NoMapping - NO MAPPING NEEDED: for element with id=Event_0newnng
2025-04-14 12:02:26 [main] INFO  c.e.v.service.EventMapping - MAPPING: bpmn:event with id=Event_00z0hvw
2025-04-14 12:02:26 [main] INFO  c.e.v.s.abstractmappings.NoMapping - NO MAPPING NEEDED: for element with id=Event_00z0hvw
2025-04-14 12:02:26 [main] INFO  c.e.v.service.EventMapping - MAPPING: bpmn:event with id=Event_0yqohdb
2025-04-14 12:02:26 [main] INFO  c.e.v.service.EventDefinitionMapping - MAPPING: bpmn:eventDefinition with id=MessageEventDefinition_1aa10ci
2025-04-14 12:02:26 [main] INFO  c.e.v.service.EventDefinitionMapping - MAPPING MISSING: bpmn:messageEventDefinition with id=MessageEventDefinition_1aa10ci
2025-04-14 12:02:26 [main] INFO  c.e.v.service.EventDefinitionMapping - TODO: manually map bpmn:messageEventDefinition with id=MessageEventDefinition_1aa10ci
2025-04-14 12:02:26 [main] INFO  c.e.v.service.EventMapping - MAPPING: bpmn:event with id=Event_1g959d7
2025-04-14 12:02:26 [main] INFO  c.e.v.service.EventDefinitionMapping - MAPPING: bpmn:eventDefinition with id=ConditionalEventDefinition_1e8zvap
2025-04-14 12:02:26 [main] INFO  c.e.v.s.abstractmappings.NoMapping - NO MAPPING NEEDED: for element with id=ConditionalEventDefinition_1e8zvap
2025-04-14 12:02:26 [main] INFO  c.e.v.service.EventMapping - MAPPING: bpmn:event with id=Event_162g6jh
2025-04-14 12:02:26 [main] INFO  c.e.v.service.EventDefinitionMapping - MAPPING: bpmn:eventDefinition with id=MessageEventDefinition_1ve94k8
2025-04-14 12:02:26 [main] INFO  c.e.v.service.EventDefinitionMapping - MAPPING MISSING: bpmn:messageEventDefinition with id=MessageEventDefinition_1ve94k8
2025-04-14 12:02:26 [main] INFO  c.e.v.service.EventDefinitionMapping - TODO: manually map bpmn:messageEventDefinition with id=MessageEventDefinition_1ve94k8
2025-04-14 12:02:26 [main] INFO  c.e.v.service.EventMapping - MAPPING: bpmn:event with id=Event_0232bfs
2025-04-14 12:02:26 [main] INFO  c.e.v.s.abstractmappings.NoMapping - NO MAPPING NEEDED: for element with id=Event_0232bfs
2025-04-14 12:02:26 [main] INFO  c.e.v.service.SubProcessMapping - MAPPING: <bpmn:subProcess> with id Activity_0lccwp0
2025-04-14 12:02:26 [main] INFO  c.e.v.service.SequenceFlowMapping - MAPPING: bpmn:sequenceFlow with id=Flow_0exo6z1
2025-04-14 12:02:26 [main] INFO  c.e.v.service.SequenceFlowMapping - MAPPING: bpmn:sequenceFlow with id=Flow_0w4tg2y
2025-04-14 12:02:26 [main] INFO  c.e.v.service.SequenceFlowMapping - MAPPING: bpmn:sequenceFlow with id=Flow_0ogsqgs
2025-04-14 12:02:26 [main] INFO  c.e.v.service.EventMapping - MAPPING: bpmn:event with id=Event_14smywu
2025-04-14 12:02:26 [main] INFO  c.e.v.s.abstractmappings.NoMapping - NO MAPPING NEEDED: for element with id=Event_14smywu
2025-04-14 12:02:26 [main] INFO  c.e.v.service.EventMapping - MAPPING: bpmn:event with id=Event_0dv0g8j
2025-04-14 12:02:26 [main] INFO  c.e.v.service.EventDefinitionMapping - MAPPING: bpmn:eventDefinition with id=TimerEventDefinition_1n1kufn
2025-04-14 12:02:26 [main] INFO  c.e.v.service.EventMapping - MAPPING: bpmn:event with id=Event_1fcv8gc
2025-04-14 12:02:26 [main] INFO  c.e.v.s.abstractmappings.NoMapping - NO MAPPING NEEDED: for element with id=Event_1fcv8gc
2025-04-14 12:02:26 [main] INFO  c.e.v.service.EventMapping - MAPPING: bpmn:event with id=Event_0ybpouc
2025-04-14 12:02:26 [main] INFO  c.e.v.service.EventDefinitionMapping - MAPPING: bpmn:eventDefinition with id=ConditionalEventDefinition_0lvmueg
2025-04-14 12:02:26 [main] INFO  c.e.v.s.abstractmappings.NoMapping - NO MAPPING NEEDED: for element with id=ConditionalEventDefinition_0lvmueg
